# JRE version: 7.0_21-b11
# Java VM: Java HotSpot(TM) Client VM (23.21-b01 mixed mode, sharing windows-x86 )
Heap
 def new generation   total 8768K, used 4929K [0x22ac0000, 0x23440000, 0x28010000)
  eden space 7808K,  50% used [0x22ac0000, 0x22ea0610, 0x23260000)
  from space 960K, 100% used [0x23350000, 0x23440000, 0x23440000)
  to   space 960K,   0% used [0x23260000, 0x23260000, 0x23350000)
 tenured generation   total 19444K, used 13389K [0x28010000, 0x2930d000, 0x32ac0000)
   the space 19444K,  68% used [0x28010000, 0x28d23498, 0x28d23600, 0x2930d000)
 compacting perm gen  total 12288K, used 8155K [0x32ac0000, 0x336c0000, 0x36ac0000)
   the space 12288K,  66% used [0x32ac0000, 0x332b6c48, 0x332b6e00, 0x336c0000)
    ro space 10240K,  45% used [0x36ac0000, 0x36f47988, 0x36f47a00, 0x374c0000)
    rw space 12288K,  54% used [0x374c0000, 0x37b4b5d8, 0x37b4b600, 0x380c0000)
GC Heap History (10 events):
Event: 3.441 GC heap before
{Heap before GC invocations=30 (full 0):
 def new generation   total 4928K, used 4928K [0x22ac0000, 0x23010000, 0x28010000)
  eden space 4416K, 100% used [0x22ac0000, 0x22f10000, 0x22f10000)
  from space 512K, 100% used [0x22f10000, 0x22f90000, 0x22f90000)
  to   space 512K,   0% used [0x22f90000, 0x22f90000, 0x23010000)
 tenured generation   total 10944K, used 7963K [0x28010000, 0x28ac0000, 0x32ac0000)
   the space 10944K,  72% used [0x28010000, 0x287d6c90, 0x287d6e00, 0x28ac0000)
 compacting perm gen  total 12288K, used 5895K [0x32ac0000, 0x336c0000, 0x36ac0000)
   the space 12288K,  47% used [0x32ac0000, 0x33081f50, 0x33082000, 0x336c0000)
    ro space 10240K,  45% used [0x36ac0000, 0x36f47988, 0x36f47a00, 0x374c0000)
    rw space 12288K,  54% used [0x374c0000, 0x37b4b5d8, 0x37b4b600, 0x380c0000)
Event: 3.446 GC heap after
Heap after GC invocations=31 (full 0):
 def new generation   total 4928K, used 512K [0x22ac0000, 0x23010000, 0x28010000)
  eden space 4416K,   0% used [0x22ac0000, 0x22ac0000, 0x22f10000)
  from space 512K, 100% used [0x22f90000, 0x23010000, 0x23010000)
  to   space 512K,   0% used [0x22f10000, 0x22f10000, 0x22f90000)
 tenured generation   total 10944K, used 8432K [0x28010000, 0x28ac0000, 0x32ac0000)
   the space 10944K,  77% used [0x28010000, 0x2884c088, 0x2884c200, 0x28ac0000)
 compacting perm gen  total 12288K, used 5895K [0x32ac0000, 0x336c0000, 0x36ac0000)
   the space 12288K,  47% used [0x32ac0000, 0x33081f50, 0x33082000, 0x336c0000)
    ro space 10240K,  45% used [0x36ac0000, 0x36f47988, 0x36f47a00, 0x374c0000)
    rw space 12288K,  54% used [0x374c0000, 0x37b4b5d8, 0x37b4b600, 0x380c0000)
}
Event: 3.586 GC heap before
{Heap before GC invocations=31 (full 0):
 def new generation   total 4928K, used 4928K [0x22ac0000, 0x23010000, 0x28010000)
  eden space 4416K, 100% used [0x22ac0000, 0x22f10000, 0x22f10000)
  from space 512K, 100% used [0x22f90000, 0x23010000, 0x23010000)
  to   space 512K,   0% used [0x22f10000, 0x22f10000, 0x22f90000)
 tenured generation   total 10944K, used 8432K [0x28010000, 0x28ac0000, 0x32ac0000)
   the space 10944K,  77% used [0x28010000, 0x2884c088, 0x2884c200, 0x28ac0000)
 compacting perm gen  total 12288K, used 5954K [0x32ac0000, 0x336c0000, 0x36ac0000)
   the space 12288K,  48% used [0x32ac0000, 0x33090b48, 0x33090c00, 0x336c0000)
    ro space 10240K,  45% used [0x36ac0000, 0x36f47988, 0x36f47a00, 0x374c0000)
    rw space 12288K,  54% used [0x374c0000, 0x37b4b5d8, 0x37b4b600, 0x380c0000)
Event: 3.591 GC heap after
Heap after GC invocations=32 (full 0):
 def new generation   total 4928K, used 512K [0x22ac0000, 0x23010000, 0x28010000)
  eden space 4416K,   0% used [0x22ac0000, 0x22ac0000, 0x22f10000)
  from space 512K, 100% used [0x22f10000, 0x22f90000, 0x22f90000)
  to   space 512K,   0% used [0x22f90000, 0x22f90000, 0x23010000)
 tenured generation   total 10944K, used 9057K [0x28010000, 0x28ac0000, 0x32ac0000)
   the space 10944K,  82% used [0x28010000, 0x288e87d0, 0x288e8800, 0x28ac0000)
 compacting perm gen  total 12288K, used 5954K [0x32ac0000, 0x336c0000, 0x36ac0000)
   the space 12288K,  48% used [0x32ac0000, 0x33090b48, 0x33090c00, 0x336c0000)
    ro space 10240K,  45% used [0x36ac0000, 0x36f47988, 0x36f47a00, 0x374c0000)
    rw space 12288K,  54% used [0x374c0000, 0x37b4b5d8, 0x37b4b600, 0x380c0000)
}
Event: 3.659 GC heap before
{Heap before GC invocations=32 (full 0):
 def new generation   total 4928K, used 4928K [0x22ac0000, 0x23010000, 0x28010000)
  eden space 4416K, 100% used [0x22ac0000, 0x22f10000, 0x22f10000)
  from space 512K, 100% used [0x22f10000, 0x22f90000, 0x22f90000)
  to   space 512K,   0% used [0x22f90000, 0x22f90000, 0x23010000)
 tenured generation   total 10944K, used 9057K [0x28010000, 0x28ac0000, 0x32ac0000)
   the space 10944K,  82% used [0x28010000, 0x288e87d0, 0x288e8800, 0x28ac0000)
 compacting perm gen  total 12288K, used 5957K [0x32ac0000, 0x336c0000, 0x36ac0000)
   the space 12288K,  48% used [0x32ac0000, 0x33091608, 0x33091800, 0x336c0000)
    ro space 10240K,  45% used [0x36ac0000, 0x36f47988, 0x36f47a00, 0x374c0000)
    rw space 12288K,  54% used [0x374c0000, 0x37b4b5d8, 0x37b4b600, 0x380c0000)
Event: 3.665 GC heap after
Heap after GC invocations=33 (full 0):
 def new generation   total 4928K, used 512K [0x22ac0000, 0x23010000, 0x28010000)
  eden space 4416K,   0% used [0x22ac0000, 0x22ac0000, 0x22f10000)
  from space 512K, 100% used [0x22f90000, 0x23010000, 0x23010000)
  to   space 512K,   0% used [0x22f10000, 0x22f10000, 0x22f90000)
 tenured generation   total 10944K, used 10039K [0x28010000, 0x28ac0000, 0x32ac0000)
   the space 10944K,  91% used [0x28010000, 0x289ddf50, 0x289de000, 0x28ac0000)
 compacting perm gen  total 12288K, used 5957K [0x32ac0000, 0x336c0000, 0x36ac0000)
   the space 12288K,  48% used [0x32ac0000, 0x33091608, 0x33091800, 0x336c0000)
    ro space 10240K,  45% used [0x36ac0000, 0x36f47988, 0x36f47a00, 0x374c0000)
    rw space 12288K,  54% used [0x374c0000, 0x37b4b5d8, 0x37b4b600, 0x380c0000)
}
Event: 3.819 GC heap before
{Heap before GC invocations=33 (full 0):
 def new generation   total 4928K, used 4928K [0x22ac0000, 0x23010000, 0x28010000)
  eden space 4416K, 100% used [0x22ac0000, 0x22f10000, 0x22f10000)
  from space 512K, 100% used [0x22f90000, 0x23010000, 0x23010000)
  to   space 512K,   0% used [0x22f10000, 0x22f10000, 0x22f90000)
 tenured generation   total 10944K, used 10039K [0x28010000, 0x28ac0000, 0x32ac0000)
   the space 10944K,  91% used [0x28010000, 0x289ddf50, 0x289de000, 0x28ac0000)
 compacting perm gen  total 12288K, used 6381K [0x32ac0000, 0x336c0000, 0x36ac0000)
   the space 12288K,  51% used [0x32ac0000, 0x330fb670, 0x330fb800, 0x336c0000)
    ro space 10240K,  45% used [0x36ac0000, 0x36f47988, 0x36f47a00, 0x374c0000)
    rw space 12288K,  54% used [0x374c0000, 0x37b4b5d8, 0x37b4b600, 0x380c0000)
Event: 3.897 GC heap after
Heap after GC invocations=34 (full 1):
 def new generation   total 8768K, used 0K [0x22ac0000, 0x23440000, 0x28010000)
  eden space 7808K,   0% used [0x22ac0000, 0x22ac0000, 0x23260000)
  from space 960K,   0% used [0x23260000, 0x23260000, 0x23350000)
  to   space 960K,   0% used [0x23350000, 0x23350000, 0x23440000)
 tenured generation   total 19444K, used 11666K [0x28010000, 0x2930d000, 0x32ac0000)
   the space 19444K,  59% used [0x28010000, 0x28b74820, 0x28b74a00, 0x2930d000)
 compacting perm gen  total 12288K, used 6381K [0x32ac0000, 0x336c0000, 0x36ac0000)
   the space 12288K,  51% used [0x32ac0000, 0x330fb670, 0x330fb800, 0x336c0000)
    ro space 10240K,  45% used [0x36ac0000, 0x36f47988, 0x36f47a00, 0x374c0000)
    rw space 12288K,  54% used [0x374c0000, 0x37b4b5d8, 0x37b4b600, 0x380c0000)
}
Event: 10.043 GC heap before
{Heap before GC invocations=34 (full 1):
 def new generation   total 8768K, used 7808K [0x22ac0000, 0x23440000, 0x28010000)
  eden space 7808K, 100% used [0x22ac0000, 0x23260000, 0x23260000)
  from space 960K,   0% used [0x23260000, 0x23260000, 0x23350000)
  to   space 960K,   0% used [0x23350000, 0x23350000, 0x23440000)
 tenured generation   total 19444K, used 11666K [0x28010000, 0x2930d000, 0x32ac0000)
   the space 19444K,  59% used [0x28010000, 0x28b74820, 0x28b74a00, 0x2930d000)
 compacting perm gen  total 12288K, used 7244K [0x32ac0000, 0x336c0000, 0x36ac0000)
   the space 12288K,  58% used [0x32ac0000, 0x331d3128, 0x331d3200, 0x336c0000)
    ro space 10240K,  45% used [0x36ac0000, 0x36f47988, 0x36f47a00, 0x374c0000)
    rw space 12288K,  54% used [0x374c0000, 0x37b4b5d8, 0x37b4b600, 0x380c0000)
Event: 10.064 GC heap after
Heap after GC invocations=35 (full 1):
 def new generation   total 8768K, used 960K [0x22ac0000, 0x23440000, 0x28010000)
  eden space 7808K,   0% used [0x22ac0000, 0x22ac0000, 0x23260000)
  from space 960K, 100% used [0x23350000, 0x23440000, 0x23440000)
  to   space 960K,   0% used [0x23260000, 0x23260000, 0x23350000)
 tenured generation   total 19444K, used 13389K [0x28010000, 0x2930d000, 0x32ac0000)
   the space 19444K,  68% used [0x28010000, 0x28d23498, 0x28d23600, 0x2930d000)
 compacting perm gen  total 12288K, used 7244K [0x32ac0000, 0x336c0000, 0x36ac0000)
   the space 12288K,  58% used [0x32ac0000, 0x331d3128, 0x331d3200, 0x336c0000)
    ro space 10240K,  45% used [0x36ac0000, 0x36f47988, 0x36f47a00, 0x374c0000)
    rw space 12288K,  54% used [0x374c0000, 0x37b4b5d8, 0x37b4b600, 0x380c0000)
}

