# JRE version: 7.0_21-b11
# Java VM: Java HotSpot(TM) Client VM (23.21-b01 mixed mode, sharing windows-x86 )
Heap
 def new generation   total 8640K, used 3629K [0x22ac0000, 0x23410000, 0x28010000)
  eden space 7744K,  39% used [0x22ac0000, 0x22dbe3c0, 0x23250000)
  from space 896K,  62% used [0x23330000, 0x233bd1c8, 0x23410000)
  to   space 896K,   0% used [0x23250000, 0x23250000, 0x23330000)
 tenured generation   total 19064K, used 17171K [0x28010000, 0x292ae000, 0x32ac0000)
   the space 19064K,  90% used [0x28010000, 0x290d4f28, 0x290d5000, 0x292ae000)
 compacting perm gen  total 12288K, used 11612K [0x32ac0000, 0x336c0000, 0x36ac0000)
   the space 12288K,  94% used [0x32ac0000, 0x33617120, 0x33617200, 0x336c0000)
    ro space 10240K,  45% used [0x36ac0000, 0x36f47988, 0x36f47a00, 0x374c0000)
    rw space 12288K,  54% used [0x374c0000, 0x37b4b5d8, 0x37b4b600, 0x380c0000)
GC Heap History (10 events):
Event: 9.691 GC heap before
{Heap before GC invocations=34 (full 1):
 def new generation   total 8640K, used 7744K [0x22ac0000, 0x23410000, 0x28010000)
  eden space 7744K, 100% used [0x22ac0000, 0x23250000, 0x23250000)
  from space 896K,   0% used [0x23250000, 0x23250000, 0x23330000)
  to   space 896K,   0% used [0x23330000, 0x23330000, 0x23410000)
 tenured generation   total 19064K, used 11437K [0x28010000, 0x292ae000, 0x32ac0000)
   the space 19064K,  59% used [0x28010000, 0x28b3b400, 0x28b3b400, 0x292ae000)
 compacting perm gen  total 12288K, used 7252K [0x32ac0000, 0x336c0000, 0x36ac0000)
   the space 12288K,  59% used [0x32ac0000, 0x331d50f8, 0x331d5200, 0x336c0000)
    ro space 10240K,  45% used [0x36ac0000, 0x36f47988, 0x36f47a00, 0x374c0000)
    rw space 12288K,  54% used [0x374c0000, 0x37b4b5d8, 0x37b4b600, 0x380c0000)
Event: 9.710 GC heap after
Heap after GC invocations=35 (full 1):
 def new generation   total 8640K, used 896K [0x22ac0000, 0x23410000, 0x28010000)
  eden space 7744K,   0% used [0x22ac0000, 0x22ac0000, 0x23250000)
  from space 896K, 100% used [0x23330000, 0x23410000, 0x23410000)
  to   space 896K,   0% used [0x23250000, 0x23250000, 0x23330000)
 tenured generation   total 19064K, used 13370K [0x28010000, 0x292ae000, 0x32ac0000)
   the space 19064K,  70% used [0x28010000, 0x28d1e888, 0x28d1ea00, 0x292ae000)
 compacting perm gen  total 12288K, used 7252K [0x32ac0000, 0x336c0000, 0x36ac0000)
   the space 12288K,  59% used [0x32ac0000, 0x331d50f8, 0x331d5200, 0x336c0000)
    ro space 10240K,  45% used [0x36ac0000, 0x36f47988, 0x36f47a00, 0x374c0000)
    rw space 12288K,  54% used [0x374c0000, 0x37b4b5d8, 0x37b4b600, 0x380c0000)
}
Event: 10.227 GC heap before
{Heap before GC invocations=35 (full 1):
 def new generation   total 8640K, used 8640K [0x22ac0000, 0x23410000, 0x28010000)
  eden space 7744K, 100% used [0x22ac0000, 0x23250000, 0x23250000)
  from space 896K, 100% used [0x23330000, 0x23410000, 0x23410000)
  to   space 896K,   0% used [0x23250000, 0x23250000, 0x23330000)
 tenured generation   total 19064K, used 13370K [0x28010000, 0x292ae000, 0x32ac0000)
   the space 19064K,  70% used [0x28010000, 0x28d1e888, 0x28d1ea00, 0x292ae000)
 compacting perm gen  total 12288K, used 8516K [0x32ac0000, 0x336c0000, 0x36ac0000)
   the space 12288K,  69% used [0x32ac0000, 0x33311180, 0x33311200, 0x336c0000)
    ro space 10240K,  45% used [0x36ac0000, 0x36f47988, 0x36f47a00, 0x374c0000)
    rw space 12288K,  54% used [0x374c0000, 0x37b4b5d8, 0x37b4b600, 0x380c0000)
Event: 10.235 GC heap after
Heap after GC invocations=36 (full 1):
 def new generation   total 8640K, used 896K [0x22ac0000, 0x23410000, 0x28010000)
  eden space 7744K,   0% used [0x22ac0000, 0x22ac0000, 0x23250000)
  from space 896K, 100% used [0x23250000, 0x23330000, 0x23330000)
  to   space 896K,   0% used [0x23330000, 0x23330000, 0x23410000)
 tenured generation   total 19064K, used 14849K [0x28010000, 0x292ae000, 0x32ac0000)
   the space 19064K,  77% used [0x28010000, 0x28e90798, 0x28e90800, 0x292ae000)
 compacting perm gen  total 12288K, used 8516K [0x32ac0000, 0x336c0000, 0x36ac0000)
   the space 12288K,  69% used [0x32ac0000, 0x33311180, 0x33311200, 0x336c0000)
    ro space 10240K,  45% used [0x36ac0000, 0x36f47988, 0x36f47a00, 0x374c0000)
    rw space 12288K,  54% used [0x374c0000, 0x37b4b5d8, 0x37b4b600, 0x380c0000)
}
Event: 10.551 GC heap before
{Heap before GC invocations=36 (full 1):
 def new generation   total 8640K, used 8628K [0x22ac0000, 0x23410000, 0x28010000)
  eden space 7744K,  99% used [0x22ac0000, 0x2324d1e0, 0x23250000)
  from space 896K, 100% used [0x23250000, 0x23330000, 0x23330000)
  to   space 896K,   0% used [0x23330000, 0x23330000, 0x23410000)
 tenured generation   total 19064K, used 14849K [0x28010000, 0x292ae000, 0x32ac0000)
   the space 19064K,  77% used [0x28010000, 0x28e90798, 0x28e90800, 0x292ae000)
 compacting perm gen  total 12288K, used 9699K [0x32ac0000, 0x336c0000, 0x36ac0000)
   the space 12288K,  78% used [0x32ac0000, 0x33438f00, 0x33439000, 0x336c0000)
    ro space 10240K,  45% used [0x36ac0000, 0x36f47988, 0x36f47a00, 0x374c0000)
    rw space 12288K,  54% used [0x374c0000, 0x37b4b5d8, 0x37b4b600, 0x380c0000)
Event: 10.558 GC heap after
Heap after GC invocations=37 (full 1):
 def new generation   total 8640K, used 896K [0x22ac0000, 0x23410000, 0x28010000)
  eden space 7744K,   0% used [0x22ac0000, 0x22ac0000, 0x23250000)
  from space 896K, 100% used [0x23330000, 0x23410000, 0x23410000)
  to   space 896K,   0% used [0x23250000, 0x23250000, 0x23330000)
 tenured generation   total 19064K, used 16082K [0x28010000, 0x292ae000, 0x32ac0000)
   the space 19064K,  84% used [0x28010000, 0x28fc4968, 0x28fc4a00, 0x292ae000)
 compacting perm gen  total 12288K, used 9699K [0x32ac0000, 0x336c0000, 0x36ac0000)
   the space 12288K,  78% used [0x32ac0000, 0x33438f00, 0x33439000, 0x336c0000)
    ro space 10240K,  45% used [0x36ac0000, 0x36f47988, 0x36f47a00, 0x374c0000)
    rw space 12288K,  54% used [0x374c0000, 0x37b4b5d8, 0x37b4b600, 0x380c0000)
}
Event: 11.096 GC heap before
{Heap before GC invocations=37 (full 1):
 def new generation   total 8640K, used 8640K [0x22ac0000, 0x23410000, 0x28010000)
  eden space 7744K, 100% used [0x22ac0000, 0x23250000, 0x23250000)
  from space 896K, 100% used [0x23330000, 0x23410000, 0x23410000)
  to   space 896K,   0% used [0x23250000, 0x23250000, 0x23330000)
 tenured generation   total 19064K, used 16082K [0x28010000, 0x292ae000, 0x32ac0000)
   the space 19064K,  84% used [0x28010000, 0x28fc4968, 0x28fc4a00, 0x292ae000)
 compacting perm gen  total 12288K, used 10460K [0x32ac0000, 0x336c0000, 0x36ac0000)
   the space 12288K,  85% used [0x32ac0000, 0x334f7190, 0x334f7200, 0x336c0000)
    ro space 10240K,  45% used [0x36ac0000, 0x36f47988, 0x36f47a00, 0x374c0000)
    rw space 12288K,  54% used [0x374c0000, 0x37b4b5d8, 0x37b4b600, 0x380c0000)
Event: 11.106 GC heap after
Heap after GC invocations=38 (full 1):
 def new generation   total 8640K, used 896K [0x22ac0000, 0x23410000, 0x28010000)
  eden space 7744K,   0% used [0x22ac0000, 0x22ac0000, 0x23250000)
  from space 896K, 100% used [0x23250000, 0x23330000, 0x23330000)
  to   space 896K,   0% used [0x23330000, 0x23330000, 0x23410000)
 tenured generation   total 19064K, used 16705K [0x28010000, 0x292ae000, 0x32ac0000)
   the space 19064K,  87% used [0x28010000, 0x29060688, 0x29060800, 0x292ae000)
 compacting perm gen  total 12288K, used 10460K [0x32ac0000, 0x336c0000, 0x36ac0000)
   the space 12288K,  85% used [0x32ac0000, 0x334f7190, 0x334f7200, 0x336c0000)
    ro space 10240K,  45% used [0x36ac0000, 0x36f47988, 0x36f47a00, 0x374c0000)
    rw space 12288K,  54% used [0x374c0000, 0x37b4b5d8, 0x37b4b600, 0x380c0000)
}
Event: 66.571 GC heap before
{Heap before GC invocations=38 (full 1):
 def new generation   total 8640K, used 8640K [0x22ac0000, 0x23410000, 0x28010000)
  eden space 7744K, 100% used [0x22ac0000, 0x23250000, 0x23250000)
  from space 896K, 100% used [0x23250000, 0x23330000, 0x23330000)
  to   space 896K,   0% used [0x23330000, 0x23330000, 0x23410000)
 tenured generation   total 19064K, used 16705K [0x28010000, 0x292ae000, 0x32ac0000)
   the space 19064K,  87% used [0x28010000, 0x29060688, 0x29060800, 0x292ae000)
 compacting perm gen  total 12288K, used 11147K [0x32ac0000, 0x336c0000, 0x36ac0000)
   the space 12288K,  90% used [0x32ac0000, 0x335a2fe0, 0x335a3000, 0x336c0000)
    ro space 10240K,  45% used [0x36ac0000, 0x36f47988, 0x36f47a00, 0x374c0000)
    rw space 12288K,  54% used [0x374c0000, 0x37b4b5d8, 0x37b4b600, 0x380c0000)
Event: 66.578 GC heap after
Heap after GC invocations=39 (full 1):
 def new generation   total 8640K, used 564K [0x22ac0000, 0x23410000, 0x28010000)
  eden space 7744K,   0% used [0x22ac0000, 0x22ac0000, 0x23250000)
  from space 896K,  62% used [0x23330000, 0x233bd1c8, 0x23410000)
  to   space 896K,   0% used [0x23250000, 0x23250000, 0x23330000)
 tenured generation   total 19064K, used 17171K [0x28010000, 0x292ae000, 0x32ac0000)
   the space 19064K,  90% used [0x28010000, 0x290d4f28, 0x290d5000, 0x292ae000)
 compacting perm gen  total 12288K, used 11147K [0x32ac0000, 0x336c0000, 0x36ac0000)
   the space 12288K,  90% used [0x32ac0000, 0x335a2fe0, 0x335a3000, 0x336c0000)
    ro space 10240K,  45% used [0x36ac0000, 0x36f47988, 0x36f47a00, 0x374c0000)
    rw space 12288K,  54% used [0x374c0000, 0x37b4b5d8, 0x37b4b600, 0x380c0000)
}

