# JRE version: 7.0_21-b11
# Java VM: Java HotSpot(TM) Client VM (23.21-b01 mixed mode, sharing windows-x86 )
Heap
 def new generation   total 7616K, used 2483K [0x22ac0000, 0x23300000, 0x28010000)
  eden space 6784K,  24% used [0x22ac0000, 0x22c5cd00, 0x23160000)
  from space 832K, 100% used [0x23160000, 0x23230000, 0x23230000)
  to   space 832K,   0% used [0x23230000, 0x23230000, 0x23300000)
 tenured generation   total 16820K, used 14408K [0x28010000, 0x2907d000, 0x32ac0000)
   the space 16820K,  85% used [0x28010000, 0x28e22108, 0x28e22200, 0x2907d000)
 compacting perm gen  total 12288K, used 8423K [0x32ac0000, 0x336c0000, 0x36ac0000)
   the space 12288K,  68% used [0x32ac0000, 0x332f9f10, 0x332fa000, 0x336c0000)
    ro space 10240K,  45% used [0x36ac0000, 0x36f47988, 0x36f47a00, 0x374c0000)
    rw space 12288K,  54% used [0x374c0000, 0x37b4b5d8, 0x37b4b600, 0x380c0000)
GC Heap History (10 events):
Event: 3.829 GC heap before
{Heap before GC invocations=52 (full 0):
 def new generation   total 4928K, used 4928K [0x22ac0000, 0x23010000, 0x28010000)
  eden space 4416K, 100% used [0x22ac0000, 0x22f10000, 0x22f10000)
  from space 512K, 100% used [0x22f10000, 0x22f90000, 0x22f90000)
  to   space 512K,   0% used [0x22f90000, 0x22f90000, 0x23010000)
 tenured generation   total 10944K, used 8717K [0x28010000, 0x28ac0000, 0x32ac0000)
   the space 10944K,  79% used [0x28010000, 0x28893788, 0x28893800, 0x28ac0000)
 compacting perm gen  total 12288K, used 5938K [0x32ac0000, 0x336c0000, 0x36ac0000)
   the space 12288K,  48% used [0x32ac0000, 0x3308cbc0, 0x3308cc00, 0x336c0000)
    ro space 10240K,  45% used [0x36ac0000, 0x36f47988, 0x36f47a00, 0x374c0000)
    rw space 12288K,  54% used [0x374c0000, 0x37b4b5d8, 0x37b4b600, 0x380c0000)
Event: 3.835 GC heap after
Heap after GC invocations=53 (full 0):
 def new generation   total 4928K, used 512K [0x22ac0000, 0x23010000, 0x28010000)
  eden space 4416K,   0% used [0x22ac0000, 0x22ac0000, 0x22f10000)
  from space 512K, 100% used [0x22f90000, 0x23010000, 0x23010000)
  to   space 512K,   0% used [0x22f10000, 0x22f10000, 0x22f90000)
 tenured generation   total 10944K, used 9240K [0x28010000, 0x28ac0000, 0x32ac0000)
   the space 10944K,  84% used [0x28010000, 0x289161a8, 0x28916200, 0x28ac0000)
 compacting perm gen  total 12288K, used 5938K [0x32ac0000, 0x336c0000, 0x36ac0000)
   the space 12288K,  48% used [0x32ac0000, 0x3308cbc0, 0x3308cc00, 0x336c0000)
    ro space 10240K,  45% used [0x36ac0000, 0x36f47988, 0x36f47a00, 0x374c0000)
    rw space 12288K,  54% used [0x374c0000, 0x37b4b5d8, 0x37b4b600, 0x380c0000)
}
Event: 3.909 GC heap before
{Heap before GC invocations=53 (full 0):
 def new generation   total 4928K, used 4760K [0x22ac0000, 0x23010000, 0x28010000)
  eden space 4416K,  96% used [0x22ac0000, 0x22ee6330, 0x22f10000)
  from space 512K, 100% used [0x22f90000, 0x23010000, 0x23010000)
  to   space 512K,   0% used [0x22f10000, 0x22f10000, 0x22f90000)
 tenured generation   total 10944K, used 9240K [0x28010000, 0x28ac0000, 0x32ac0000)
   the space 10944K,  84% used [0x28010000, 0x289161a8, 0x28916200, 0x28ac0000)
 compacting perm gen  total 12288K, used 5952K [0x32ac0000, 0x336c0000, 0x36ac0000)
   the space 12288K,  48% used [0x32ac0000, 0x33090150, 0x33090200, 0x336c0000)
    ro space 10240K,  45% used [0x36ac0000, 0x36f47988, 0x36f47a00, 0x374c0000)
    rw space 12288K,  54% used [0x374c0000, 0x37b4b5d8, 0x37b4b600, 0x380c0000)
Event: 3.915 GC heap after
Heap after GC invocations=54 (full 0):
 def new generation   total 4928K, used 512K [0x22ac0000, 0x23010000, 0x28010000)
  eden space 4416K,   0% used [0x22ac0000, 0x22ac0000, 0x22f10000)
  from space 512K, 100% used [0x22f10000, 0x22f90000, 0x22f90000)
  to   space 512K,   0% used [0x22f90000, 0x22f90000, 0x23010000)
 tenured generation   total 10944K, used 9837K [0x28010000, 0x28ac0000, 0x32ac0000)
   the space 10944K,  89% used [0x28010000, 0x289ab530, 0x289ab600, 0x28ac0000)
 compacting perm gen  total 12288K, used 5952K [0x32ac0000, 0x336c0000, 0x36ac0000)
   the space 12288K,  48% used [0x32ac0000, 0x33090150, 0x33090200, 0x336c0000)
    ro space 10240K,  45% used [0x36ac0000, 0x36f47988, 0x36f47a00, 0x374c0000)
    rw space 12288K,  54% used [0x374c0000, 0x37b4b5d8, 0x37b4b600, 0x380c0000)
}
Event: 3.970 GC heap before
{Heap before GC invocations=54 (full 0):
 def new generation   total 4928K, used 4928K [0x22ac0000, 0x23010000, 0x28010000)
  eden space 4416K, 100% used [0x22ac0000, 0x22f10000, 0x22f10000)
  from space 512K, 100% used [0x22f10000, 0x22f90000, 0x22f90000)
  to   space 512K,   0% used [0x22f90000, 0x22f90000, 0x23010000)
 tenured generation   total 10944K, used 9837K [0x28010000, 0x28ac0000, 0x32ac0000)
   the space 10944K,  89% used [0x28010000, 0x289ab530, 0x289ab600, 0x28ac0000)
 compacting perm gen  total 12288K, used 5973K [0x32ac0000, 0x336c0000, 0x36ac0000)
   the space 12288K,  48% used [0x32ac0000, 0x33095558, 0x33095600, 0x336c0000)
    ro space 10240K,  45% used [0x36ac0000, 0x36f47988, 0x36f47a00, 0x374c0000)
    rw space 12288K,  54% used [0x374c0000, 0x37b4b5d8, 0x37b4b600, 0x380c0000)
Event: 4.039 GC heap after
Heap after GC invocations=55 (full 1):
 def new generation   total 7616K, used 0K [0x22ac0000, 0x23300000, 0x28010000)
  eden space 6784K,   0% used [0x22ac0000, 0x22ac0000, 0x23160000)
  from space 832K,   0% used [0x23160000, 0x23160000, 0x23230000)
  to   space 832K,   0% used [0x23230000, 0x23230000, 0x23300000)
 tenured generation   total 16820K, used 10092K [0x28010000, 0x2907d000, 0x32ac0000)
   the space 16820K,  60% used [0x28010000, 0x289eb000, 0x289eb000, 0x2907d000)
 compacting perm gen  total 12288K, used 5973K [0x32ac0000, 0x336c0000, 0x36ac0000)
   the space 12288K,  48% used [0x32ac0000, 0x33095558, 0x33095600, 0x336c0000)
    ro space 10240K,  45% used [0x36ac0000, 0x36f47988, 0x36f47a00, 0x374c0000)
    rw space 12288K,  54% used [0x374c0000, 0x37b4b5d8, 0x37b4b600, 0x380c0000)
}
Event: 32.724 GC heap before
{Heap before GC invocations=55 (full 1):
 def new generation   total 7616K, used 6784K [0x22ac0000, 0x23300000, 0x28010000)
  eden space 6784K, 100% used [0x22ac0000, 0x23160000, 0x23160000)
  from space 832K,   0% used [0x23160000, 0x23160000, 0x23230000)
  to   space 832K,   0% used [0x23230000, 0x23230000, 0x23300000)
 tenured generation   total 16820K, used 10092K [0x28010000, 0x2907d000, 0x32ac0000)
   the space 16820K,  60% used [0x28010000, 0x289eb000, 0x289eb000, 0x2907d000)
 compacting perm gen  total 12288K, used 6866K [0x32ac0000, 0x336c0000, 0x36ac0000)
   the space 12288K,  55% used [0x32ac0000, 0x33174a98, 0x33174c00, 0x336c0000)
    ro space 10240K,  45% used [0x36ac0000, 0x36f47988, 0x36f47a00, 0x374c0000)
    rw space 12288K,  54% used [0x374c0000, 0x37b4b5d8, 0x37b4b600, 0x380c0000)
Event: 32.739 GC heap after
Heap after GC invocations=56 (full 1):
 def new generation   total 7616K, used 832K [0x22ac0000, 0x23300000, 0x28010000)
  eden space 6784K,   0% used [0x22ac0000, 0x22ac0000, 0x23160000)
  from space 832K, 100% used [0x23230000, 0x23300000, 0x23300000)
  to   space 832K,   0% used [0x23160000, 0x23160000, 0x23230000)
 tenured generation   total 16820K, used 13400K [0x28010000, 0x2907d000, 0x32ac0000)
   the space 16820K,  79% used [0x28010000, 0x28d261f0, 0x28d26200, 0x2907d000)
 compacting perm gen  total 12288K, used 6866K [0x32ac0000, 0x336c0000, 0x36ac0000)
   the space 12288K,  55% used [0x32ac0000, 0x33174a98, 0x33174c00, 0x336c0000)
    ro space 10240K,  45% used [0x36ac0000, 0x36f47988, 0x36f47a00, 0x374c0000)
    rw space 12288K,  54% used [0x374c0000, 0x37b4b5d8, 0x37b4b600, 0x380c0000)
}
Event: 42.146 GC heap before
{Heap before GC invocations=56 (full 1):
 def new generation   total 7616K, used 7616K [0x22ac0000, 0x23300000, 0x28010000)
  eden space 6784K, 100% used [0x22ac0000, 0x23160000, 0x23160000)
  from space 832K, 100% used [0x23230000, 0x23300000, 0x23300000)
  to   space 832K,   0% used [0x23160000, 0x23160000, 0x23230000)
 tenured generation   total 16820K, used 13400K [0x28010000, 0x2907d000, 0x32ac0000)
   the space 16820K,  79% used [0x28010000, 0x28d261f0, 0x28d26200, 0x2907d000)
 compacting perm gen  total 12288K, used 8123K [0x32ac0000, 0x336c0000, 0x36ac0000)
   the space 12288K,  66% used [0x32ac0000, 0x332aedf8, 0x332aee00, 0x336c0000)
    ro space 10240K,  45% used [0x36ac0000, 0x36f47988, 0x36f47a00, 0x374c0000)
    rw space 12288K,  54% used [0x374c0000, 0x37b4b5d8, 0x37b4b600, 0x380c0000)
Event: 42.156 GC heap after
Heap after GC invocations=57 (full 1):
 def new generation   total 7616K, used 832K [0x22ac0000, 0x23300000, 0x28010000)
  eden space 6784K,   0% used [0x22ac0000, 0x22ac0000, 0x23160000)
  from space 832K, 100% used [0x23160000, 0x23230000, 0x23230000)
  to   space 832K,   0% used [0x23230000, 0x23230000, 0x23300000)
 tenured generation   total 16820K, used 14408K [0x28010000, 0x2907d000, 0x32ac0000)
   the space 16820K,  85% used [0x28010000, 0x28e22108, 0x28e22200, 0x2907d000)
 compacting perm gen  total 12288K, used 8123K [0x32ac0000, 0x336c0000, 0x36ac0000)
   the space 12288K,  66% used [0x32ac0000, 0x332aedf8, 0x332aee00, 0x336c0000)
    ro space 10240K,  45% used [0x36ac0000, 0x36f47988, 0x36f47a00, 0x374c0000)
    rw space 12288K,  54% used [0x374c0000, 0x37b4b5d8, 0x37b4b600, 0x380c0000)
}

