# JRE version: 7.0_21-b11
# Java VM: Java HotSpot(TM) Client VM (23.21-b01 mixed mode, sharing windows-x86 )
Heap
 def new generation   total 8640K, used 4483K [0x22ac0000, 0x23410000, 0x28010000)
  eden space 7744K,  52% used [0x22ac0000, 0x22ebbc78, 0x23250000)
  from space 896K,  45% used [0x23330000, 0x23395080, 0x23410000)
  to   space 896K,   0% used [0x23250000, 0x23250000, 0x23330000)
 tenured generation   total 18948K, used 14503K [0x28010000, 0x29291000, 0x32ac0000)
   the space 18948K,  76% used [0x28010000, 0x28e39c70, 0x28e39e00, 0x29291000)
 compacting perm gen  total 12288K, used 8382K [0x32ac0000, 0x336c0000, 0x36ac0000)
   the space 12288K,  68% used [0x32ac0000, 0x332efb58, 0x332efc00, 0x336c0000)
    ro space 10240K,  45% used [0x36ac0000, 0x36f47988, 0x36f47a00, 0x374c0000)
    rw space 12288K,  54% used [0x374c0000, 0x37b4b5d8, 0x37b4b600, 0x380c0000)
GC Heap History (10 events):
Event: 74.794 GC heap before
{Heap before GC invocations=92 (full 1):
 def new generation   total 8640K, used 7915K [0x22ac0000, 0x23410000, 0x28010000)
  eden space 7744K, 100% used [0x22ac0000, 0x23250000, 0x23250000)
  from space 896K,  19% used [0x23250000, 0x2327ae88, 0x23330000)
  to   space 896K,   0% used [0x23330000, 0x23330000, 0x23410000)
 tenured generation   total 18948K, used 14503K [0x28010000, 0x29291000, 0x32ac0000)
   the space 18948K,  76% used [0x28010000, 0x28e39c70, 0x28e39e00, 0x29291000)
 compacting perm gen  total 12288K, used 7612K [0x32ac0000, 0x336c0000, 0x36ac0000)
   the space 12288K,  61% used [0x32ac0000, 0x3322f390, 0x3322f400, 0x336c0000)
    ro space 10240K,  45% used [0x36ac0000, 0x36f47988, 0x36f47a00, 0x374c0000)
    rw space 12288K,  54% used [0x374c0000, 0x37b4b5d8, 0x37b4b600, 0x380c0000)
Event: 74.796 GC heap after
Heap after GC invocations=93 (full 1):
 def new generation   total 8640K, used 149K [0x22ac0000, 0x23410000, 0x28010000)
  eden space 7744K,   0% used [0x22ac0000, 0x22ac0000, 0x23250000)
  from space 896K,  16% used [0x23330000, 0x23355420, 0x23410000)
  to   space 896K,   0% used [0x23250000, 0x23250000, 0x23330000)
 tenured generation   total 18948K, used 14503K [0x28010000, 0x29291000, 0x32ac0000)
   the space 18948K,  76% used [0x28010000, 0x28e39c70, 0x28e39e00, 0x29291000)
 compacting perm gen  total 12288K, used 7612K [0x32ac0000, 0x336c0000, 0x36ac0000)
   the space 12288K,  61% used [0x32ac0000, 0x3322f390, 0x3322f400, 0x336c0000)
    ro space 10240K,  45% used [0x36ac0000, 0x36f47988, 0x36f47a00, 0x374c0000)
    rw space 12288K,  54% used [0x374c0000, 0x37b4b5d8, 0x37b4b600, 0x380c0000)
}
Event: 74.829 GC heap before
{Heap before GC invocations=93 (full 1):
 def new generation   total 8640K, used 7893K [0x22ac0000, 0x23410000, 0x28010000)
  eden space 7744K, 100% used [0x22ac0000, 0x23250000, 0x23250000)
  from space 896K,  16% used [0x23330000, 0x23355420, 0x23410000)
  to   space 896K,   0% used [0x23250000, 0x23250000, 0x23330000)
 tenured generation   total 18948K, used 14503K [0x28010000, 0x29291000, 0x32ac0000)
   the space 18948K,  76% used [0x28010000, 0x28e39c70, 0x28e39e00, 0x29291000)
 compacting perm gen  total 12288K, used 7612K [0x32ac0000, 0x336c0000, 0x36ac0000)
   the space 12288K,  61% used [0x32ac0000, 0x3322f390, 0x3322f400, 0x336c0000)
    ro space 10240K,  45% used [0x36ac0000, 0x36f47988, 0x36f47a00, 0x374c0000)
    rw space 12288K,  54% used [0x374c0000, 0x37b4b5d8, 0x37b4b600, 0x380c0000)
Event: 74.831 GC heap after
Heap after GC invocations=94 (full 1):
 def new generation   total 8640K, used 154K [0x22ac0000, 0x23410000, 0x28010000)
  eden space 7744K,   0% used [0x22ac0000, 0x22ac0000, 0x23250000)
  from space 896K,  17% used [0x23250000, 0x23276930, 0x23330000)
  to   space 896K,   0% used [0x23330000, 0x23330000, 0x23410000)
 tenured generation   total 18948K, used 14503K [0x28010000, 0x29291000, 0x32ac0000)
   the space 18948K,  76% used [0x28010000, 0x28e39c70, 0x28e39e00, 0x29291000)
 compacting perm gen  total 12288K, used 7612K [0x32ac0000, 0x336c0000, 0x36ac0000)
   the space 12288K,  61% used [0x32ac0000, 0x3322f390, 0x3322f400, 0x336c0000)
    ro space 10240K,  45% used [0x36ac0000, 0x36f47988, 0x36f47a00, 0x374c0000)
    rw space 12288K,  54% used [0x374c0000, 0x37b4b5d8, 0x37b4b600, 0x380c0000)
}
Event: 74.862 GC heap before
{Heap before GC invocations=94 (full 1):
 def new generation   total 8640K, used 7898K [0x22ac0000, 0x23410000, 0x28010000)
  eden space 7744K, 100% used [0x22ac0000, 0x23250000, 0x23250000)
  from space 896K,  17% used [0x23250000, 0x23276930, 0x23330000)
  to   space 896K,   0% used [0x23330000, 0x23330000, 0x23410000)
 tenured generation   total 18948K, used 14503K [0x28010000, 0x29291000, 0x32ac0000)
   the space 18948K,  76% used [0x28010000, 0x28e39c70, 0x28e39e00, 0x29291000)
 compacting perm gen  total 12288K, used 7612K [0x32ac0000, 0x336c0000, 0x36ac0000)
   the space 12288K,  61% used [0x32ac0000, 0x3322f390, 0x3322f400, 0x336c0000)
    ro space 10240K,  45% used [0x36ac0000, 0x36f47988, 0x36f47a00, 0x374c0000)
    rw space 12288K,  54% used [0x374c0000, 0x37b4b5d8, 0x37b4b600, 0x380c0000)
Event: 74.864 GC heap after
Heap after GC invocations=95 (full 1):
 def new generation   total 8640K, used 158K [0x22ac0000, 0x23410000, 0x28010000)
  eden space 7744K,   0% used [0x22ac0000, 0x22ac0000, 0x23250000)
  from space 896K,  17% used [0x23330000, 0x23357a38, 0x23410000)
  to   space 896K,   0% used [0x23250000, 0x23250000, 0x23330000)
 tenured generation   total 18948K, used 14503K [0x28010000, 0x29291000, 0x32ac0000)
   the space 18948K,  76% used [0x28010000, 0x28e39c70, 0x28e39e00, 0x29291000)
 compacting perm gen  total 12288K, used 7612K [0x32ac0000, 0x336c0000, 0x36ac0000)
   the space 12288K,  61% used [0x32ac0000, 0x3322f390, 0x3322f400, 0x336c0000)
    ro space 10240K,  45% used [0x36ac0000, 0x36f47988, 0x36f47a00, 0x374c0000)
    rw space 12288K,  54% used [0x374c0000, 0x37b4b5d8, 0x37b4b600, 0x380c0000)
}
Event: 74.895 GC heap before
{Heap before GC invocations=95 (full 1):
 def new generation   total 8640K, used 7898K [0x22ac0000, 0x23410000, 0x28010000)
  eden space 7744K,  99% used [0x22ac0000, 0x2324efe8, 0x23250000)
  from space 896K,  17% used [0x23330000, 0x23357a38, 0x23410000)
  to   space 896K,   0% used [0x23250000, 0x23250000, 0x23330000)
 tenured generation   total 18948K, used 14503K [0x28010000, 0x29291000, 0x32ac0000)
   the space 18948K,  76% used [0x28010000, 0x28e39c70, 0x28e39e00, 0x29291000)
 compacting perm gen  total 12288K, used 7612K [0x32ac0000, 0x336c0000, 0x36ac0000)
   the space 12288K,  61% used [0x32ac0000, 0x3322f390, 0x3322f400, 0x336c0000)
    ro space 10240K,  45% used [0x36ac0000, 0x36f47988, 0x36f47a00, 0x374c0000)
    rw space 12288K,  54% used [0x374c0000, 0x37b4b5d8, 0x37b4b600, 0x380c0000)
Event: 74.897 GC heap after
Heap after GC invocations=96 (full 1):
 def new generation   total 8640K, used 147K [0x22ac0000, 0x23410000, 0x28010000)
  eden space 7744K,   0% used [0x22ac0000, 0x22ac0000, 0x23250000)
  from space 896K,  16% used [0x23250000, 0x23274d88, 0x23330000)
  to   space 896K,   0% used [0x23330000, 0x23330000, 0x23410000)
 tenured generation   total 18948K, used 14503K [0x28010000, 0x29291000, 0x32ac0000)
   the space 18948K,  76% used [0x28010000, 0x28e39c70, 0x28e39e00, 0x29291000)
 compacting perm gen  total 12288K, used 7612K [0x32ac0000, 0x336c0000, 0x36ac0000)
   the space 12288K,  61% used [0x32ac0000, 0x3322f390, 0x3322f400, 0x336c0000)
    ro space 10240K,  45% used [0x36ac0000, 0x36f47988, 0x36f47a00, 0x374c0000)
    rw space 12288K,  54% used [0x374c0000, 0x37b4b5d8, 0x37b4b600, 0x380c0000)
}
Event: 75.853 GC heap before
{Heap before GC invocations=96 (full 1):
 def new generation   total 8640K, used 7891K [0x22ac0000, 0x23410000, 0x28010000)
  eden space 7744K, 100% used [0x22ac0000, 0x23250000, 0x23250000)
  from space 896K,  16% used [0x23250000, 0x23274d88, 0x23330000)
  to   space 896K,   0% used [0x23330000, 0x23330000, 0x23410000)
 tenured generation   total 18948K, used 14503K [0x28010000, 0x29291000, 0x32ac0000)
   the space 18948K,  76% used [0x28010000, 0x28e39c70, 0x28e39e00, 0x29291000)
 compacting perm gen  total 12288K, used 7616K [0x32ac0000, 0x336c0000, 0x36ac0000)
   the space 12288K,  61% used [0x32ac0000, 0x332303c8, 0x33230400, 0x336c0000)
    ro space 10240K,  45% used [0x36ac0000, 0x36f47988, 0x36f47a00, 0x374c0000)
    rw space 12288K,  54% used [0x374c0000, 0x37b4b5d8, 0x37b4b600, 0x380c0000)
Event: 75.857 GC heap after
Heap after GC invocations=97 (full 1):
 def new generation   total 8640K, used 404K [0x22ac0000, 0x23410000, 0x28010000)
  eden space 7744K,   0% used [0x22ac0000, 0x22ac0000, 0x23250000)
  from space 896K,  45% used [0x23330000, 0x23395080, 0x23410000)
  to   space 896K,   0% used [0x23250000, 0x23250000, 0x23330000)
 tenured generation   total 18948K, used 14503K [0x28010000, 0x29291000, 0x32ac0000)
   the space 18948K,  76% used [0x28010000, 0x28e39c70, 0x28e39e00, 0x29291000)
 compacting perm gen  total 12288K, used 7616K [0x32ac0000, 0x336c0000, 0x36ac0000)
   the space 12288K,  61% used [0x32ac0000, 0x332303c8, 0x33230400, 0x336c0000)
    ro space 10240K,  45% used [0x36ac0000, 0x36f47988, 0x36f47a00, 0x374c0000)
    rw space 12288K,  54% used [0x374c0000, 0x37b4b5d8, 0x37b4b600, 0x380c0000)
}

