# JRE version: 7.0_21-b11
# Java VM: Java HotSpot(TM) Client VM (23.21-b01 mixed mode, sharing windows-x86 )
Heap
 def new generation   total 7616K, used 2553K [0x22ac0000, 0x23300000, 0x28010000)
  eden space 6784K,  25% used [0x22ac0000, 0x22c6e580, 0x23160000)
  from space 832K, 100% used [0x23160000, 0x23230000, 0x23230000)
  to   space 832K,   0% used [0x23230000, 0x23230000, 0x23300000)
 tenured generation   total 16776K, used 14569K [0x28010000, 0x29072000, 0x32ac0000)
   the space 16776K,  86% used [0x28010000, 0x28e4a4e8, 0x28e4a600, 0x29072000)
 compacting perm gen  total 12288K, used 8423K [0x32ac0000, 0x336c0000, 0x36ac0000)
   the space 12288K,  68% used [0x32ac0000, 0x332f9f20, 0x332fa000, 0x336c0000)
    ro space 10240K,  45% used [0x36ac0000, 0x36f47988, 0x36f47a00, 0x374c0000)
    rw space 12288K,  54% used [0x374c0000, 0x37b4b5d8, 0x37b4b600, 0x380c0000)
GC Heap History (10 events):
Event: 4.034 GC heap before
{Heap before GC invocations=52 (full 0):
 def new generation   total 4928K, used 4928K [0x22ac0000, 0x23010000, 0x28010000)
  eden space 4416K, 100% used [0x22ac0000, 0x22f10000, 0x22f10000)
  from space 512K, 100% used [0x22f10000, 0x22f90000, 0x22f90000)
  to   space 512K,   0% used [0x22f90000, 0x22f90000, 0x23010000)
 tenured generation   total 10944K, used 8701K [0x28010000, 0x28ac0000, 0x32ac0000)
   the space 10944K,  79% used [0x28010000, 0x2888f7e8, 0x2888f800, 0x28ac0000)
 compacting perm gen  total 12288K, used 5938K [0x32ac0000, 0x336c0000, 0x36ac0000)
   the space 12288K,  48% used [0x32ac0000, 0x3308cbd0, 0x3308cc00, 0x336c0000)
    ro space 10240K,  45% used [0x36ac0000, 0x36f47988, 0x36f47a00, 0x374c0000)
    rw space 12288K,  54% used [0x374c0000, 0x37b4b5d8, 0x37b4b600, 0x380c0000)
Event: 4.039 GC heap after
Heap after GC invocations=53 (full 0):
 def new generation   total 4928K, used 512K [0x22ac0000, 0x23010000, 0x28010000)
  eden space 4416K,   0% used [0x22ac0000, 0x22ac0000, 0x22f10000)
  from space 512K, 100% used [0x22f90000, 0x23010000, 0x23010000)
  to   space 512K,   0% used [0x22f10000, 0x22f10000, 0x22f90000)
 tenured generation   total 10944K, used 9209K [0x28010000, 0x28ac0000, 0x32ac0000)
   the space 10944K,  84% used [0x28010000, 0x2890e758, 0x2890e800, 0x28ac0000)
 compacting perm gen  total 12288K, used 5938K [0x32ac0000, 0x336c0000, 0x36ac0000)
   the space 12288K,  48% used [0x32ac0000, 0x3308cbd0, 0x3308cc00, 0x336c0000)
    ro space 10240K,  45% used [0x36ac0000, 0x36f47988, 0x36f47a00, 0x374c0000)
    rw space 12288K,  54% used [0x374c0000, 0x37b4b5d8, 0x37b4b600, 0x380c0000)
}
Event: 4.114 GC heap before
{Heap before GC invocations=53 (full 0):
 def new generation   total 4928K, used 4817K [0x22ac0000, 0x23010000, 0x28010000)
  eden space 4416K,  97% used [0x22ac0000, 0x22ef4748, 0x22f10000)
  from space 512K, 100% used [0x22f90000, 0x23010000, 0x23010000)
  to   space 512K,   0% used [0x22f10000, 0x22f10000, 0x22f90000)
 tenured generation   total 10944K, used 9209K [0x28010000, 0x28ac0000, 0x32ac0000)
   the space 10944K,  84% used [0x28010000, 0x2890e758, 0x2890e800, 0x28ac0000)
 compacting perm gen  total 12288K, used 5952K [0x32ac0000, 0x336c0000, 0x36ac0000)
   the space 12288K,  48% used [0x32ac0000, 0x33090160, 0x33090200, 0x336c0000)
    ro space 10240K,  45% used [0x36ac0000, 0x36f47988, 0x36f47a00, 0x374c0000)
    rw space 12288K,  54% used [0x374c0000, 0x37b4b5d8, 0x37b4b600, 0x380c0000)
Event: 4.120 GC heap after
Heap after GC invocations=54 (full 0):
 def new generation   total 4928K, used 512K [0x22ac0000, 0x23010000, 0x28010000)
  eden space 4416K,   0% used [0x22ac0000, 0x22ac0000, 0x22f10000)
  from space 512K, 100% used [0x22f10000, 0x22f90000, 0x22f90000)
  to   space 512K,   0% used [0x22f90000, 0x22f90000, 0x23010000)
 tenured generation   total 10944K, used 9809K [0x28010000, 0x28ac0000, 0x32ac0000)
   the space 10944K,  89% used [0x28010000, 0x289a4750, 0x289a4800, 0x28ac0000)
 compacting perm gen  total 12288K, used 5952K [0x32ac0000, 0x336c0000, 0x36ac0000)
   the space 12288K,  48% used [0x32ac0000, 0x33090160, 0x33090200, 0x336c0000)
    ro space 10240K,  45% used [0x36ac0000, 0x36f47988, 0x36f47a00, 0x374c0000)
    rw space 12288K,  54% used [0x374c0000, 0x37b4b5d8, 0x37b4b600, 0x380c0000)
}
Event: 4.174 GC heap before
{Heap before GC invocations=54 (full 0):
 def new generation   total 4928K, used 4917K [0x22ac0000, 0x23010000, 0x28010000)
  eden space 4416K,  99% used [0x22ac0000, 0x22f0d538, 0x22f10000)
  from space 512K, 100% used [0x22f10000, 0x22f90000, 0x22f90000)
  to   space 512K,   0% used [0x22f90000, 0x22f90000, 0x23010000)
 tenured generation   total 10944K, used 9809K [0x28010000, 0x28ac0000, 0x32ac0000)
   the space 10944K,  89% used [0x28010000, 0x289a4750, 0x289a4800, 0x28ac0000)
 compacting perm gen  total 12288K, used 5973K [0x32ac0000, 0x336c0000, 0x36ac0000)
   the space 12288K,  48% used [0x32ac0000, 0x33095408, 0x33095600, 0x336c0000)
    ro space 10240K,  45% used [0x36ac0000, 0x36f47988, 0x36f47a00, 0x374c0000)
    rw space 12288K,  54% used [0x374c0000, 0x37b4b5d8, 0x37b4b600, 0x380c0000)
Event: 4.245 GC heap after
Heap after GC invocations=55 (full 1):
 def new generation   total 7616K, used 0K [0x22ac0000, 0x23300000, 0x28010000)
  eden space 6784K,   0% used [0x22ac0000, 0x22ac0000, 0x23160000)
  from space 832K,   0% used [0x23160000, 0x23160000, 0x23230000)
  to   space 832K,   0% used [0x23230000, 0x23230000, 0x23300000)
 tenured generation   total 16776K, used 10063K [0x28010000, 0x29072000, 0x32ac0000)
   the space 16776K,  59% used [0x28010000, 0x289e3d20, 0x289e3e00, 0x29072000)
 compacting perm gen  total 12288K, used 5973K [0x32ac0000, 0x336c0000, 0x36ac0000)
   the space 12288K,  48% used [0x32ac0000, 0x33095408, 0x33095600, 0x336c0000)
    ro space 10240K,  45% used [0x36ac0000, 0x36f47988, 0x36f47a00, 0x374c0000)
    rw space 12288K,  54% used [0x374c0000, 0x37b4b5d8, 0x37b4b600, 0x380c0000)
}
Event: 13.929 GC heap before
{Heap before GC invocations=55 (full 1):
 def new generation   total 7616K, used 6783K [0x22ac0000, 0x23300000, 0x28010000)
  eden space 6784K,  99% used [0x22ac0000, 0x2315fe30, 0x23160000)
  from space 832K,   0% used [0x23160000, 0x23160000, 0x23230000)
  to   space 832K,   0% used [0x23230000, 0x23230000, 0x23300000)
 tenured generation   total 16776K, used 10063K [0x28010000, 0x29072000, 0x32ac0000)
   the space 16776K,  59% used [0x28010000, 0x289e3d20, 0x289e3e00, 0x29072000)
 compacting perm gen  total 12288K, used 6860K [0x32ac0000, 0x336c0000, 0x36ac0000)
   the space 12288K,  55% used [0x32ac0000, 0x331733b8, 0x33173400, 0x336c0000)
    ro space 10240K,  45% used [0x36ac0000, 0x36f47988, 0x36f47a00, 0x374c0000)
    rw space 12288K,  54% used [0x374c0000, 0x37b4b5d8, 0x37b4b600, 0x380c0000)
Event: 13.942 GC heap after
Heap after GC invocations=56 (full 1):
 def new generation   total 7616K, used 832K [0x22ac0000, 0x23300000, 0x28010000)
  eden space 6784K,   0% used [0x22ac0000, 0x22ac0000, 0x23160000)
  from space 832K, 100% used [0x23230000, 0x23300000, 0x23300000)
  to   space 832K,   0% used [0x23160000, 0x23160000, 0x23230000)
 tenured generation   total 16776K, used 13437K [0x28010000, 0x29072000, 0x32ac0000)
   the space 16776K,  80% used [0x28010000, 0x28d2f478, 0x28d2f600, 0x29072000)
 compacting perm gen  total 12288K, used 6860K [0x32ac0000, 0x336c0000, 0x36ac0000)
   the space 12288K,  55% used [0x32ac0000, 0x331733b8, 0x33173400, 0x336c0000)
    ro space 10240K,  45% used [0x36ac0000, 0x36f47988, 0x36f47a00, 0x374c0000)
    rw space 12288K,  54% used [0x374c0000, 0x37b4b5d8, 0x37b4b600, 0x380c0000)
}
Event: 20.229 GC heap before
{Heap before GC invocations=56 (full 1):
 def new generation   total 7616K, used 7616K [0x22ac0000, 0x23300000, 0x28010000)
  eden space 6784K, 100% used [0x22ac0000, 0x23160000, 0x23160000)
  from space 832K, 100% used [0x23230000, 0x23300000, 0x23300000)
  to   space 832K,   0% used [0x23160000, 0x23160000, 0x23230000)
 tenured generation   total 16776K, used 13437K [0x28010000, 0x29072000, 0x32ac0000)
   the space 16776K,  80% used [0x28010000, 0x28d2f478, 0x28d2f600, 0x29072000)
 compacting perm gen  total 12288K, used 8102K [0x32ac0000, 0x336c0000, 0x36ac0000)
   the space 12288K,  65% used [0x32ac0000, 0x332a9b90, 0x332a9c00, 0x336c0000)
    ro space 10240K,  45% used [0x36ac0000, 0x36f47988, 0x36f47a00, 0x374c0000)
    rw space 12288K,  54% used [0x374c0000, 0x37b4b5d8, 0x37b4b600, 0x380c0000)
Event: 20.239 GC heap after
Heap after GC invocations=57 (full 1):
 def new generation   total 7616K, used 832K [0x22ac0000, 0x23300000, 0x28010000)
  eden space 6784K,   0% used [0x22ac0000, 0x22ac0000, 0x23160000)
  from space 832K, 100% used [0x23160000, 0x23230000, 0x23230000)
  to   space 832K,   0% used [0x23230000, 0x23230000, 0x23300000)
 tenured generation   total 16776K, used 14569K [0x28010000, 0x29072000, 0x32ac0000)
   the space 16776K,  86% used [0x28010000, 0x28e4a4e8, 0x28e4a600, 0x29072000)
 compacting perm gen  total 12288K, used 8102K [0x32ac0000, 0x336c0000, 0x36ac0000)
   the space 12288K,  65% used [0x32ac0000, 0x332a9b90, 0x332a9c00, 0x336c0000)
    ro space 10240K,  45% used [0x36ac0000, 0x36f47988, 0x36f47a00, 0x374c0000)
    rw space 12288K,  54% used [0x374c0000, 0x37b4b5d8, 0x37b4b600, 0x380c0000)
}

