# JRE version: 7.0_21-b11
# Java VM: Java HotSpot(TM) Client VM (23.21-b01 mixed mode, sharing windows-x86 )
Heap
 def new generation   total 7488K, used 3032K [0x22ac0000, 0x232e0000, 0x28010000)
  eden space 6656K,  33% used [0x22ac0000, 0x22ce6038, 0x23140000)
  from space 832K, 100% used [0x23140000, 0x23210000, 0x23210000)
  to   space 832K,   0% used [0x23210000, 0x23210000, 0x232e0000)
 tenured generation   total 16520K, used 14105K [0x28010000, 0x29032000, 0x32ac0000)
   the space 16520K,  85% used [0x28010000, 0x28dd67a0, 0x28dd6800, 0x29032000)
 compacting perm gen  total 12288K, used 8423K [0x32ac0000, 0x336c0000, 0x36ac0000)
   the space 12288K,  68% used [0x32ac0000, 0x332f9f70, 0x332fa000, 0x336c0000)
    ro space 10240K,  45% used [0x36ac0000, 0x36f47988, 0x36f47a00, 0x374c0000)
    rw space 12288K,  54% used [0x374c0000, 0x37b4b5d8, 0x37b4b600, 0x380c0000)
GC Heap History (10 events):
Event: 4.961 GC heap before
{Heap before GC invocations=99 (full 0):
 def new generation   total 4928K, used 4927K [0x22ac0000, 0x23010000, 0x28010000)
  eden space 4416K, 100% used [0x22ac0000, 0x22f10000, 0x22f10000)
  from space 512K,  99% used [0x22f90000, 0x2300fc38, 0x23010000)
  to   space 512K,   0% used [0x22f10000, 0x22f10000, 0x22f90000)
 tenured generation   total 10944K, used 9910K [0x28010000, 0x28ac0000, 0x32ac0000)
   the space 10944K,  90% used [0x28010000, 0x289bd830, 0x289bda00, 0x28ac0000)
 compacting perm gen  total 12288K, used 5952K [0x32ac0000, 0x336c0000, 0x36ac0000)
   the space 12288K,  48% used [0x32ac0000, 0x330901b0, 0x33090200, 0x336c0000)
    ro space 10240K,  45% used [0x36ac0000, 0x36f47988, 0x36f47a00, 0x374c0000)
    rw space 12288K,  54% used [0x374c0000, 0x37b4b5d8, 0x37b4b600, 0x380c0000)
Event: 4.964 GC heap after
Heap after GC invocations=100 (full 0):
 def new generation   total 4928K, used 255K [0x22ac0000, 0x23010000, 0x28010000)
  eden space 4416K,   0% used [0x22ac0000, 0x22ac0000, 0x22f10000)
  from space 512K,  49% used [0x22f10000, 0x22f4fee8, 0x22f90000)
  to   space 512K,   0% used [0x22f90000, 0x22f90000, 0x23010000)
 tenured generation   total 10944K, used 10228K [0x28010000, 0x28ac0000, 0x32ac0000)
   the space 10944K,  93% used [0x28010000, 0x28a0d220, 0x28a0d400, 0x28ac0000)
 compacting perm gen  total 12288K, used 5952K [0x32ac0000, 0x336c0000, 0x36ac0000)
   the space 12288K,  48% used [0x32ac0000, 0x330901b0, 0x33090200, 0x336c0000)
    ro space 10240K,  45% used [0x36ac0000, 0x36f47988, 0x36f47a00, 0x374c0000)
    rw space 12288K,  54% used [0x374c0000, 0x37b4b5d8, 0x37b4b600, 0x380c0000)
}
Event: 5.007 GC heap before
{Heap before GC invocations=100 (full 0):
 def new generation   total 4928K, used 4671K [0x22ac0000, 0x23010000, 0x28010000)
  eden space 4416K, 100% used [0x22ac0000, 0x22f10000, 0x22f10000)
  from space 512K,  49% used [0x22f10000, 0x22f4fee8, 0x22f90000)
  to   space 512K,   0% used [0x22f90000, 0x22f90000, 0x23010000)
 tenured generation   total 10944K, used 10228K [0x28010000, 0x28ac0000, 0x32ac0000)
   the space 10944K,  93% used [0x28010000, 0x28a0d220, 0x28a0d400, 0x28ac0000)
 compacting perm gen  total 12288K, used 5952K [0x32ac0000, 0x336c0000, 0x36ac0000)
   the space 12288K,  48% used [0x32ac0000, 0x330901c0, 0x33090200, 0x336c0000)
    ro space 10240K,  45% used [0x36ac0000, 0x36f47988, 0x36f47a00, 0x374c0000)
    rw space 12288K,  54% used [0x374c0000, 0x37b4b5d8, 0x37b4b600, 0x380c0000)
Event: 5.010 GC heap after
Heap after GC invocations=101 (full 0):
 def new generation   total 4928K, used 512K [0x22ac0000, 0x23010000, 0x28010000)
  eden space 4416K,   0% used [0x22ac0000, 0x22ac0000, 0x22f10000)
  from space 512K, 100% used [0x22f90000, 0x23010000, 0x23010000)
  to   space 512K,   0% used [0x22f10000, 0x22f10000, 0x22f90000)
 tenured generation   total 10944K, used 10534K [0x28010000, 0x28ac0000, 0x32ac0000)
   the space 10944K,  96% used [0x28010000, 0x28a59b58, 0x28a59c00, 0x28ac0000)
 compacting perm gen  total 12288K, used 5952K [0x32ac0000, 0x336c0000, 0x36ac0000)
   the space 12288K,  48% used [0x32ac0000, 0x330901c0, 0x33090200, 0x336c0000)
    ro space 10240K,  45% used [0x36ac0000, 0x36f47988, 0x36f47a00, 0x374c0000)
    rw space 12288K,  54% used [0x374c0000, 0x37b4b5d8, 0x37b4b600, 0x380c0000)
}
Event: 5.063 GC heap before
{Heap before GC invocations=101 (full 0):
 def new generation   total 4928K, used 4923K [0x22ac0000, 0x23010000, 0x28010000)
  eden space 4416K,  99% used [0x22ac0000, 0x22f0ec38, 0x22f10000)
  from space 512K, 100% used [0x22f90000, 0x23010000, 0x23010000)
  to   space 512K,   0% used [0x22f10000, 0x22f10000, 0x22f90000)
 tenured generation   total 10944K, used 10534K [0x28010000, 0x28ac0000, 0x32ac0000)
   the space 10944K,  96% used [0x28010000, 0x28a59b58, 0x28a59c00, 0x28ac0000)
 compacting perm gen  total 12288K, used 5979K [0x32ac0000, 0x336c0000, 0x36ac0000)
   the space 12288K,  48% used [0x32ac0000, 0x33096f18, 0x33097000, 0x336c0000)
    ro space 10240K,  45% used [0x36ac0000, 0x36f47988, 0x36f47a00, 0x374c0000)
    rw space 12288K,  54% used [0x374c0000, 0x37b4b5d8, 0x37b4b600, 0x380c0000)
Event: 5.136 GC heap after
Heap after GC invocations=102 (full 1):
 def new generation   total 7488K, used 0K [0x22ac0000, 0x232e0000, 0x28010000)
  eden space 6656K,   0% used [0x22ac0000, 0x22ac0000, 0x23140000)
  from space 832K,   0% used [0x23140000, 0x23140000, 0x23210000)
  to   space 832K,   0% used [0x23210000, 0x23210000, 0x232e0000)
 tenured generation   total 16520K, used 9911K [0x28010000, 0x29032000, 0x32ac0000)
   the space 16520K,  59% used [0x28010000, 0x289bdf88, 0x289be000, 0x29032000)
 compacting perm gen  total 12288K, used 5979K [0x32ac0000, 0x336c0000, 0x36ac0000)
   the space 12288K,  48% used [0x32ac0000, 0x33096f18, 0x33097000, 0x336c0000)
    ro space 10240K,  45% used [0x36ac0000, 0x36f47988, 0x36f47a00, 0x374c0000)
    rw space 12288K,  54% used [0x374c0000, 0x37b4b5d8, 0x37b4b600, 0x380c0000)
}
Event: 11.109 GC heap before
{Heap before GC invocations=102 (full 1):
 def new generation   total 7488K, used 6654K [0x22ac0000, 0x232e0000, 0x28010000)
  eden space 6656K,  99% used [0x22ac0000, 0x2313fb40, 0x23140000)
  from space 832K,   0% used [0x23140000, 0x23140000, 0x23210000)
  to   space 832K,   0% used [0x23210000, 0x23210000, 0x232e0000)
 tenured generation   total 16520K, used 9911K [0x28010000, 0x29032000, 0x32ac0000)
   the space 16520K,  59% used [0x28010000, 0x289bdf88, 0x289be000, 0x29032000)
 compacting perm gen  total 12288K, used 6851K [0x32ac0000, 0x336c0000, 0x36ac0000)
   the space 12288K,  55% used [0x32ac0000, 0x33170ec8, 0x33171000, 0x336c0000)
    ro space 10240K,  45% used [0x36ac0000, 0x36f47988, 0x36f47a00, 0x374c0000)
    rw space 12288K,  54% used [0x374c0000, 0x37b4b5d8, 0x37b4b600, 0x380c0000)
Event: 11.120 GC heap after
Heap after GC invocations=103 (full 1):
 def new generation   total 7488K, used 832K [0x22ac0000, 0x232e0000, 0x28010000)
  eden space 6656K,   0% used [0x22ac0000, 0x22ac0000, 0x23140000)
  from space 832K, 100% used [0x23210000, 0x232e0000, 0x232e0000)
  to   space 832K,   0% used [0x23140000, 0x23140000, 0x23210000)
 tenured generation   total 16520K, used 13105K [0x28010000, 0x29032000, 0x32ac0000)
   the space 16520K,  79% used [0x28010000, 0x28cdc448, 0x28cdc600, 0x29032000)
 compacting perm gen  total 12288K, used 6851K [0x32ac0000, 0x336c0000, 0x36ac0000)
   the space 12288K,  55% used [0x32ac0000, 0x33170ec8, 0x33171000, 0x336c0000)
    ro space 10240K,  45% used [0x36ac0000, 0x36f47988, 0x36f47a00, 0x374c0000)
    rw space 12288K,  54% used [0x374c0000, 0x37b4b5d8, 0x37b4b600, 0x380c0000)
}
Event: 19.566 GC heap before
{Heap before GC invocations=103 (full 1):
 def new generation   total 7488K, used 7488K [0x22ac0000, 0x232e0000, 0x28010000)
  eden space 6656K, 100% used [0x22ac0000, 0x23140000, 0x23140000)
  from space 832K, 100% used [0x23210000, 0x232e0000, 0x232e0000)
  to   space 832K,   0% used [0x23140000, 0x23140000, 0x23210000)
 tenured generation   total 16520K, used 13105K [0x28010000, 0x29032000, 0x32ac0000)
   the space 16520K,  79% used [0x28010000, 0x28cdc448, 0x28cdc600, 0x29032000)
 compacting perm gen  total 12288K, used 7973K [0x32ac0000, 0x336c0000, 0x36ac0000)
   the space 12288K,  64% used [0x32ac0000, 0x332896f0, 0x33289800, 0x336c0000)
    ro space 10240K,  45% used [0x36ac0000, 0x36f47988, 0x36f47a00, 0x374c0000)
    rw space 12288K,  54% used [0x374c0000, 0x37b4b5d8, 0x37b4b600, 0x380c0000)
Event: 19.578 GC heap after
Heap after GC invocations=104 (full 1):
 def new generation   total 7488K, used 832K [0x22ac0000, 0x232e0000, 0x28010000)
  eden space 6656K,   0% used [0x22ac0000, 0x22ac0000, 0x23140000)
  from space 832K, 100% used [0x23140000, 0x23210000, 0x23210000)
  to   space 832K,   0% used [0x23210000, 0x23210000, 0x232e0000)
 tenured generation   total 16520K, used 14105K [0x28010000, 0x29032000, 0x32ac0000)
   the space 16520K,  85% used [0x28010000, 0x28dd67a0, 0x28dd6800, 0x29032000)
 compacting perm gen  total 12288K, used 7973K [0x32ac0000, 0x336c0000, 0x36ac0000)
   the space 12288K,  64% used [0x32ac0000, 0x332896f0, 0x33289800, 0x336c0000)
    ro space 10240K,  45% used [0x36ac0000, 0x36f47988, 0x36f47a00, 0x374c0000)
    rw space 12288K,  54% used [0x374c0000, 0x37b4b5d8, 0x37b4b600, 0x380c0000)
}

