# JRE version: 7.0_21-b11
# Java VM: Java HotSpot(TM) Client VM (23.21-b01 mixed mode, sharing windows-x86 )
Heap
 def new generation   total 8832K, used 4998K [0x22ac0000, 0x23450000, 0x28010000)
  eden space 7872K,  51% used [0x22ac0000, 0x22eb1998, 0x23270000)
  from space 960K, 100% used [0x23360000, 0x23450000, 0x23450000)
  to   space 960K,   0% used [0x23270000, 0x23270000, 0x23360000)
 tenured generation   total 19536K, used 13363K [0x28010000, 0x29324000, 0x32ac0000)
   the space 19536K,  68% used [0x28010000, 0x28d1cc80, 0x28d1ce00, 0x29324000)
 compacting perm gen  total 12288K, used 8155K [0x32ac0000, 0x336c0000, 0x36ac0000)
   the space 12288K,  66% used [0x32ac0000, 0x332b6c48, 0x332b6e00, 0x336c0000)
    ro space 10240K,  45% used [0x36ac0000, 0x36f47988, 0x36f47a00, 0x374c0000)
    rw space 12288K,  54% used [0x374c0000, 0x37b4b5d8, 0x37b4b600, 0x380c0000)
GC Heap History (10 events):
Event: 3.919 GC heap before
{Heap before GC invocations=30 (full 0):
 def new generation   total 4928K, used 4928K [0x22ac0000, 0x23010000, 0x28010000)
  eden space 4416K, 100% used [0x22ac0000, 0x22f10000, 0x22f10000)
  from space 512K, 100% used [0x22f10000, 0x22f90000, 0x22f90000)
  to   space 512K,   0% used [0x22f90000, 0x22f90000, 0x23010000)
 tenured generation   total 10944K, used 7956K [0x28010000, 0x28ac0000, 0x32ac0000)
   the space 10944K,  72% used [0x28010000, 0x287d5308, 0x287d5400, 0x28ac0000)
 compacting perm gen  total 12288K, used 5895K [0x32ac0000, 0x336c0000, 0x36ac0000)
   the space 12288K,  47% used [0x32ac0000, 0x33081cc0, 0x33081e00, 0x336c0000)
    ro space 10240K,  45% used [0x36ac0000, 0x36f47988, 0x36f47a00, 0x374c0000)
    rw space 12288K,  54% used [0x374c0000, 0x37b4b5d8, 0x37b4b600, 0x380c0000)
Event: 3.924 GC heap after
Heap after GC invocations=31 (full 0):
 def new generation   total 4928K, used 512K [0x22ac0000, 0x23010000, 0x28010000)
  eden space 4416K,   0% used [0x22ac0000, 0x22ac0000, 0x22f10000)
  from space 512K, 100% used [0x22f90000, 0x23010000, 0x23010000)
  to   space 512K,   0% used [0x22f10000, 0x22f10000, 0x22f90000)
 tenured generation   total 10944K, used 8423K [0x28010000, 0x28ac0000, 0x32ac0000)
   the space 10944K,  76% used [0x28010000, 0x28849e10, 0x2884a000, 0x28ac0000)
 compacting perm gen  total 12288K, used 5895K [0x32ac0000, 0x336c0000, 0x36ac0000)
   the space 12288K,  47% used [0x32ac0000, 0x33081cc0, 0x33081e00, 0x336c0000)
    ro space 10240K,  45% used [0x36ac0000, 0x36f47988, 0x36f47a00, 0x374c0000)
    rw space 12288K,  54% used [0x374c0000, 0x37b4b5d8, 0x37b4b600, 0x380c0000)
}
Event: 4.023 GC heap before
{Heap before GC invocations=31 (full 0):
 def new generation   total 4928K, used 4928K [0x22ac0000, 0x23010000, 0x28010000)
  eden space 4416K, 100% used [0x22ac0000, 0x22f10000, 0x22f10000)
  from space 512K, 100% used [0x22f90000, 0x23010000, 0x23010000)
  to   space 512K,   0% used [0x22f10000, 0x22f10000, 0x22f90000)
 tenured generation   total 10944K, used 8423K [0x28010000, 0x28ac0000, 0x32ac0000)
   the space 10944K,  76% used [0x28010000, 0x28849e10, 0x2884a000, 0x28ac0000)
 compacting perm gen  total 12288K, used 5954K [0x32ac0000, 0x336c0000, 0x36ac0000)
   the space 12288K,  48% used [0x32ac0000, 0x33090b48, 0x33090c00, 0x336c0000)
    ro space 10240K,  45% used [0x36ac0000, 0x36f47988, 0x36f47a00, 0x374c0000)
    rw space 12288K,  54% used [0x374c0000, 0x37b4b5d8, 0x37b4b600, 0x380c0000)
Event: 4.029 GC heap after
Heap after GC invocations=32 (full 0):
 def new generation   total 4928K, used 512K [0x22ac0000, 0x23010000, 0x28010000)
  eden space 4416K,   0% used [0x22ac0000, 0x22ac0000, 0x22f10000)
  from space 512K, 100% used [0x22f10000, 0x22f90000, 0x22f90000)
  to   space 512K,   0% used [0x22f90000, 0x22f90000, 0x23010000)
 tenured generation   total 10944K, used 9049K [0x28010000, 0x28ac0000, 0x32ac0000)
   the space 10944K,  82% used [0x28010000, 0x288e6458, 0x288e6600, 0x28ac0000)
 compacting perm gen  total 12288K, used 5954K [0x32ac0000, 0x336c0000, 0x36ac0000)
   the space 12288K,  48% used [0x32ac0000, 0x33090b48, 0x33090c00, 0x336c0000)
    ro space 10240K,  45% used [0x36ac0000, 0x36f47988, 0x36f47a00, 0x374c0000)
    rw space 12288K,  54% used [0x374c0000, 0x37b4b5d8, 0x37b4b600, 0x380c0000)
}
Event: 4.195 GC heap before
{Heap before GC invocations=32 (full 0):
 def new generation   total 4928K, used 4928K [0x22ac0000, 0x23010000, 0x28010000)
  eden space 4416K, 100% used [0x22ac0000, 0x22f10000, 0x22f10000)
  from space 512K, 100% used [0x22f10000, 0x22f90000, 0x22f90000)
  to   space 512K,   0% used [0x22f90000, 0x22f90000, 0x23010000)
 tenured generation   total 10944K, used 9049K [0x28010000, 0x28ac0000, 0x32ac0000)
   the space 10944K,  82% used [0x28010000, 0x288e6458, 0x288e6600, 0x28ac0000)
 compacting perm gen  total 12288K, used 5957K [0x32ac0000, 0x336c0000, 0x36ac0000)
   the space 12288K,  48% used [0x32ac0000, 0x33091608, 0x33091800, 0x336c0000)
    ro space 10240K,  45% used [0x36ac0000, 0x36f47988, 0x36f47a00, 0x374c0000)
    rw space 12288K,  54% used [0x374c0000, 0x37b4b5d8, 0x37b4b600, 0x380c0000)
Event: 4.201 GC heap after
Heap after GC invocations=33 (full 0):
 def new generation   total 4928K, used 512K [0x22ac0000, 0x23010000, 0x28010000)
  eden space 4416K,   0% used [0x22ac0000, 0x22ac0000, 0x22f10000)
  from space 512K, 100% used [0x22f90000, 0x23010000, 0x23010000)
  to   space 512K,   0% used [0x22f10000, 0x22f10000, 0x22f90000)
 tenured generation   total 10944K, used 10031K [0x28010000, 0x28ac0000, 0x32ac0000)
   the space 10944K,  91% used [0x28010000, 0x289dbd00, 0x289dbe00, 0x28ac0000)
 compacting perm gen  total 12288K, used 5957K [0x32ac0000, 0x336c0000, 0x36ac0000)
   the space 12288K,  48% used [0x32ac0000, 0x33091608, 0x33091800, 0x336c0000)
    ro space 10240K,  45% used [0x36ac0000, 0x36f47988, 0x36f47a00, 0x374c0000)
    rw space 12288K,  54% used [0x374c0000, 0x37b4b5d8, 0x37b4b600, 0x380c0000)
}
Event: 4.377 GC heap before
{Heap before GC invocations=33 (full 0):
 def new generation   total 4928K, used 4928K [0x22ac0000, 0x23010000, 0x28010000)
  eden space 4416K, 100% used [0x22ac0000, 0x22f10000, 0x22f10000)
  from space 512K, 100% used [0x22f90000, 0x23010000, 0x23010000)
  to   space 512K,   0% used [0x22f10000, 0x22f10000, 0x22f90000)
 tenured generation   total 10944K, used 10031K [0x28010000, 0x28ac0000, 0x32ac0000)
   the space 10944K,  91% used [0x28010000, 0x289dbd00, 0x289dbe00, 0x28ac0000)
 compacting perm gen  total 12288K, used 6410K [0x32ac0000, 0x336c0000, 0x36ac0000)
   the space 12288K,  52% used [0x32ac0000, 0x33102958, 0x33102a00, 0x336c0000)
    ro space 10240K,  45% used [0x36ac0000, 0x36f47988, 0x36f47a00, 0x374c0000)
    rw space 12288K,  54% used [0x374c0000, 0x37b4b5d8, 0x37b4b600, 0x380c0000)
Event: 4.460 GC heap after
Heap after GC invocations=34 (full 1):
 def new generation   total 8832K, used 0K [0x22ac0000, 0x23450000, 0x28010000)
  eden space 7872K,   0% used [0x22ac0000, 0x22ac0000, 0x23270000)
  from space 960K,   0% used [0x23270000, 0x23270000, 0x23360000)
  to   space 960K,   0% used [0x23360000, 0x23360000, 0x23450000)
 tenured generation   total 19536K, used 11719K [0x28010000, 0x29324000, 0x32ac0000)
   the space 19536K,  59% used [0x28010000, 0x28b81f68, 0x28b82000, 0x29324000)
 compacting perm gen  total 12288K, used 6410K [0x32ac0000, 0x336c0000, 0x36ac0000)
   the space 12288K,  52% used [0x32ac0000, 0x33102958, 0x33102a00, 0x336c0000)
    ro space 10240K,  45% used [0x36ac0000, 0x36f47988, 0x36f47a00, 0x374c0000)
    rw space 12288K,  54% used [0x374c0000, 0x37b4b5d8, 0x37b4b600, 0x380c0000)
}
Event: 8.958 GC heap before
{Heap before GC invocations=34 (full 1):
 def new generation   total 8832K, used 7872K [0x22ac0000, 0x23450000, 0x28010000)
  eden space 7872K, 100% used [0x22ac0000, 0x23270000, 0x23270000)
  from space 960K,   0% used [0x23270000, 0x23270000, 0x23360000)
  to   space 960K,   0% used [0x23360000, 0x23360000, 0x23450000)
 tenured generation   total 19536K, used 11719K [0x28010000, 0x29324000, 0x32ac0000)
   the space 19536K,  59% used [0x28010000, 0x28b81f68, 0x28b82000, 0x29324000)
 compacting perm gen  total 12288K, used 7238K [0x32ac0000, 0x336c0000, 0x36ac0000)
   the space 12288K,  58% used [0x32ac0000, 0x331d1a90, 0x331d1c00, 0x336c0000)
    ro space 10240K,  45% used [0x36ac0000, 0x36f47988, 0x36f47a00, 0x374c0000)
    rw space 12288K,  54% used [0x374c0000, 0x37b4b5d8, 0x37b4b600, 0x380c0000)
Event: 8.977 GC heap after
Heap after GC invocations=35 (full 1):
 def new generation   total 8832K, used 960K [0x22ac0000, 0x23450000, 0x28010000)
  eden space 7872K,   0% used [0x22ac0000, 0x22ac0000, 0x23270000)
  from space 960K, 100% used [0x23360000, 0x23450000, 0x23450000)
  to   space 960K,   0% used [0x23270000, 0x23270000, 0x23360000)
 tenured generation   total 19536K, used 13363K [0x28010000, 0x29324000, 0x32ac0000)
   the space 19536K,  68% used [0x28010000, 0x28d1cc80, 0x28d1ce00, 0x29324000)
 compacting perm gen  total 12288K, used 7238K [0x32ac0000, 0x336c0000, 0x36ac0000)
   the space 12288K,  58% used [0x32ac0000, 0x331d1a90, 0x331d1c00, 0x336c0000)
    ro space 10240K,  45% used [0x36ac0000, 0x36f47988, 0x36f47a00, 0x374c0000)
    rw space 12288K,  54% used [0x374c0000, 0x37b4b5d8, 0x37b4b600, 0x380c0000)
}

