# JRE version: 7.0_21-b11
# Java VM: Java HotSpot(TM) Client VM (23.21-b01 mixed mode, sharing windows-x86 )
Heap
 def new generation   total 8640K, used 7212K [0x22ac0000, 0x23410000, 0x28010000)
  eden space 7744K,  89% used [0x22ac0000, 0x2317b0d0, 0x23250000)
  from space 896K,  35% used [0x23330000, 0x23380048, 0x23410000)
  to   space 896K,   0% used [0x23250000, 0x23250000, 0x23330000)
 tenured generation   total 18972K, used 14129K [0x28010000, 0x29297000, 0x32ac0000)
   the space 18972K,  74% used [0x28010000, 0x28ddc678, 0x28ddc800, 0x29297000)
 compacting perm gen  total 12288K, used 8212K [0x32ac0000, 0x336c0000, 0x36ac0000)
   the space 12288K,  66% used [0x32ac0000, 0x332c5308, 0x332c5400, 0x336c0000)
    ro space 10240K,  45% used [0x36ac0000, 0x36f47988, 0x36f47a00, 0x374c0000)
    rw space 12288K,  54% used [0x374c0000, 0x37b4b5d8, 0x37b4b600, 0x380c0000)
GC Heap History (10 events):
Event: 5.550 GC heap before
{Heap before GC invocations=42 (full 1):
 def new generation   total 8640K, used 7772K [0x22ac0000, 0x23410000, 0x28010000)
  eden space 7744K, 100% used [0x22ac0000, 0x23250000, 0x23250000)
  from space 896K,   3% used [0x23250000, 0x23257068, 0x23330000)
  to   space 896K,   0% used [0x23330000, 0x23330000, 0x23410000)
 tenured generation   total 18972K, used 14129K [0x28010000, 0x29297000, 0x32ac0000)
   the space 18972K,  74% used [0x28010000, 0x28ddc678, 0x28ddc800, 0x29297000)
 compacting perm gen  total 12288K, used 7094K [0x32ac0000, 0x336c0000, 0x36ac0000)
   the space 12288K,  57% used [0x32ac0000, 0x331ad9d8, 0x331ada00, 0x336c0000)
    ro space 10240K,  45% used [0x36ac0000, 0x36f47988, 0x36f47a00, 0x374c0000)
    rw space 12288K,  54% used [0x374c0000, 0x37b4b5d8, 0x37b4b600, 0x380c0000)
Event: 5.552 GC heap after
Heap after GC invocations=43 (full 1):
 def new generation   total 8640K, used 44K [0x22ac0000, 0x23410000, 0x28010000)
  eden space 7744K,   0% used [0x22ac0000, 0x22ac0000, 0x23250000)
  from space 896K,   4% used [0x23330000, 0x2333b130, 0x23410000)
  to   space 896K,   0% used [0x23250000, 0x23250000, 0x23330000)
 tenured generation   total 18972K, used 14129K [0x28010000, 0x29297000, 0x32ac0000)
   the space 18972K,  74% used [0x28010000, 0x28ddc678, 0x28ddc800, 0x29297000)
 compacting perm gen  total 12288K, used 7094K [0x32ac0000, 0x336c0000, 0x36ac0000)
   the space 12288K,  57% used [0x32ac0000, 0x331ad9d8, 0x331ada00, 0x336c0000)
    ro space 10240K,  45% used [0x36ac0000, 0x36f47988, 0x36f47a00, 0x374c0000)
    rw space 12288K,  54% used [0x374c0000, 0x37b4b5d8, 0x37b4b600, 0x380c0000)
}
Event: 5.614 GC heap before
{Heap before GC invocations=43 (full 1):
 def new generation   total 8640K, used 7788K [0x22ac0000, 0x23410000, 0x28010000)
  eden space 7744K, 100% used [0x22ac0000, 0x23250000, 0x23250000)
  from space 896K,   4% used [0x23330000, 0x2333b130, 0x23410000)
  to   space 896K,   0% used [0x23250000, 0x23250000, 0x23330000)
 tenured generation   total 18972K, used 14129K [0x28010000, 0x29297000, 0x32ac0000)
   the space 18972K,  74% used [0x28010000, 0x28ddc678, 0x28ddc800, 0x29297000)
 compacting perm gen  total 12288K, used 7094K [0x32ac0000, 0x336c0000, 0x36ac0000)
   the space 12288K,  57% used [0x32ac0000, 0x331ad9d8, 0x331ada00, 0x336c0000)
    ro space 10240K,  45% used [0x36ac0000, 0x36f47988, 0x36f47a00, 0x374c0000)
    rw space 12288K,  54% used [0x374c0000, 0x37b4b5d8, 0x37b4b600, 0x380c0000)
Event: 5.617 GC heap after
Heap after GC invocations=44 (full 1):
 def new generation   total 8640K, used 42K [0x22ac0000, 0x23410000, 0x28010000)
  eden space 7744K,   0% used [0x22ac0000, 0x22ac0000, 0x23250000)
  from space 896K,   4% used [0x23250000, 0x2325a9c0, 0x23330000)
  to   space 896K,   0% used [0x23330000, 0x23330000, 0x23410000)
 tenured generation   total 18972K, used 14129K [0x28010000, 0x29297000, 0x32ac0000)
   the space 18972K,  74% used [0x28010000, 0x28ddc678, 0x28ddc800, 0x29297000)
 compacting perm gen  total 12288K, used 7094K [0x32ac0000, 0x336c0000, 0x36ac0000)
   the space 12288K,  57% used [0x32ac0000, 0x331ad9d8, 0x331ada00, 0x336c0000)
    ro space 10240K,  45% used [0x36ac0000, 0x36f47988, 0x36f47a00, 0x374c0000)
    rw space 12288K,  54% used [0x374c0000, 0x37b4b5d8, 0x37b4b600, 0x380c0000)
}
Event: 5.655 GC heap before
{Heap before GC invocations=44 (full 1):
 def new generation   total 8640K, used 7786K [0x22ac0000, 0x23410000, 0x28010000)
  eden space 7744K, 100% used [0x22ac0000, 0x23250000, 0x23250000)
  from space 896K,   4% used [0x23250000, 0x2325a9c0, 0x23330000)
  to   space 896K,   0% used [0x23330000, 0x23330000, 0x23410000)
 tenured generation   total 18972K, used 14129K [0x28010000, 0x29297000, 0x32ac0000)
   the space 18972K,  74% used [0x28010000, 0x28ddc678, 0x28ddc800, 0x29297000)
 compacting perm gen  total 12288K, used 7094K [0x32ac0000, 0x336c0000, 0x36ac0000)
   the space 12288K,  57% used [0x32ac0000, 0x331ad9d8, 0x331ada00, 0x336c0000)
    ro space 10240K,  45% used [0x36ac0000, 0x36f47988, 0x36f47a00, 0x374c0000)
    rw space 12288K,  54% used [0x374c0000, 0x37b4b5d8, 0x37b4b600, 0x380c0000)
Event: 5.656 GC heap after
Heap after GC invocations=45 (full 1):
 def new generation   total 8640K, used 31K [0x22ac0000, 0x23410000, 0x28010000)
  eden space 7744K,   0% used [0x22ac0000, 0x22ac0000, 0x23250000)
  from space 896K,   3% used [0x23330000, 0x23337f70, 0x23410000)
  to   space 896K,   0% used [0x23250000, 0x23250000, 0x23330000)
 tenured generation   total 18972K, used 14129K [0x28010000, 0x29297000, 0x32ac0000)
   the space 18972K,  74% used [0x28010000, 0x28ddc678, 0x28ddc800, 0x29297000)
 compacting perm gen  total 12288K, used 7094K [0x32ac0000, 0x336c0000, 0x36ac0000)
   the space 12288K,  57% used [0x32ac0000, 0x331ad9d8, 0x331ada00, 0x336c0000)
    ro space 10240K,  45% used [0x36ac0000, 0x36f47988, 0x36f47a00, 0x374c0000)
    rw space 12288K,  54% used [0x374c0000, 0x37b4b5d8, 0x37b4b600, 0x380c0000)
}
Event: 5.689 GC heap before
{Heap before GC invocations=45 (full 1):
 def new generation   total 8640K, used 7775K [0x22ac0000, 0x23410000, 0x28010000)
  eden space 7744K, 100% used [0x22ac0000, 0x23250000, 0x23250000)
  from space 896K,   3% used [0x23330000, 0x23337f70, 0x23410000)
  to   space 896K,   0% used [0x23250000, 0x23250000, 0x23330000)
 tenured generation   total 18972K, used 14129K [0x28010000, 0x29297000, 0x32ac0000)
   the space 18972K,  74% used [0x28010000, 0x28ddc678, 0x28ddc800, 0x29297000)
 compacting perm gen  total 12288K, used 7094K [0x32ac0000, 0x336c0000, 0x36ac0000)
   the space 12288K,  57% used [0x32ac0000, 0x331ad9d8, 0x331ada00, 0x336c0000)
    ro space 10240K,  45% used [0x36ac0000, 0x36f47988, 0x36f47a00, 0x374c0000)
    rw space 12288K,  54% used [0x374c0000, 0x37b4b5d8, 0x37b4b600, 0x380c0000)
Event: 5.690 GC heap after
Heap after GC invocations=46 (full 1):
 def new generation   total 8640K, used 30K [0x22ac0000, 0x23410000, 0x28010000)
  eden space 7744K,   0% used [0x22ac0000, 0x22ac0000, 0x23250000)
  from space 896K,   3% used [0x23250000, 0x23257b78, 0x23330000)
  to   space 896K,   0% used [0x23330000, 0x23330000, 0x23410000)
 tenured generation   total 18972K, used 14129K [0x28010000, 0x29297000, 0x32ac0000)
   the space 18972K,  74% used [0x28010000, 0x28ddc678, 0x28ddc800, 0x29297000)
 compacting perm gen  total 12288K, used 7094K [0x32ac0000, 0x336c0000, 0x36ac0000)
   the space 12288K,  57% used [0x32ac0000, 0x331ad9d8, 0x331ada00, 0x336c0000)
    ro space 10240K,  45% used [0x36ac0000, 0x36f47988, 0x36f47a00, 0x374c0000)
    rw space 12288K,  54% used [0x374c0000, 0x37b4b5d8, 0x37b4b600, 0x380c0000)
}
Event: 5.735 GC heap before
{Heap before GC invocations=46 (full 1):
 def new generation   total 8640K, used 7774K [0x22ac0000, 0x23410000, 0x28010000)
  eden space 7744K, 100% used [0x22ac0000, 0x23250000, 0x23250000)
  from space 896K,   3% used [0x23250000, 0x23257b78, 0x23330000)
  to   space 896K,   0% used [0x23330000, 0x23330000, 0x23410000)
 tenured generation   total 18972K, used 14129K [0x28010000, 0x29297000, 0x32ac0000)
   the space 18972K,  74% used [0x28010000, 0x28ddc678, 0x28ddc800, 0x29297000)
 compacting perm gen  total 12288K, used 7094K [0x32ac0000, 0x336c0000, 0x36ac0000)
   the space 12288K,  57% used [0x32ac0000, 0x331ada48, 0x331adc00, 0x336c0000)
    ro space 10240K,  45% used [0x36ac0000, 0x36f47988, 0x36f47a00, 0x374c0000)
    rw space 12288K,  54% used [0x374c0000, 0x37b4b5d8, 0x37b4b600, 0x380c0000)
Event: 5.737 GC heap after
Heap after GC invocations=47 (full 1):
 def new generation   total 8640K, used 320K [0x22ac0000, 0x23410000, 0x28010000)
  eden space 7744K,   0% used [0x22ac0000, 0x22ac0000, 0x23250000)
  from space 896K,  35% used [0x23330000, 0x23380048, 0x23410000)
  to   space 896K,   0% used [0x23250000, 0x23250000, 0x23330000)
 tenured generation   total 18972K, used 14129K [0x28010000, 0x29297000, 0x32ac0000)
   the space 18972K,  74% used [0x28010000, 0x28ddc678, 0x28ddc800, 0x29297000)
 compacting perm gen  total 12288K, used 7094K [0x32ac0000, 0x336c0000, 0x36ac0000)
   the space 12288K,  57% used [0x32ac0000, 0x331ada48, 0x331adc00, 0x336c0000)
    ro space 10240K,  45% used [0x36ac0000, 0x36f47988, 0x36f47a00, 0x374c0000)
    rw space 12288K,  54% used [0x374c0000, 0x37b4b5d8, 0x37b4b600, 0x380c0000)
}

