# JRE version: 7.0_21-b11
# Java VM: Java HotSpot(TM) Client VM (23.21-b01 mixed mode, sharing windows-x86 )
Heap
 def new generation   total 9024K, used 2149K [0x22ac0000, 0x23480000, 0x28010000)
  eden space 8064K,  21% used [0x22ac0000, 0x22c6ca48, 0x232a0000)
  from space 960K,  45% used [0x23390000, 0x233fcb40, 0x23480000)
  to   space 960K,   0% used [0x232a0000, 0x232a0000, 0x23390000)
 tenured generation   total 19896K, used 17842K [0x28010000, 0x2937e000, 0x32ac0000)
   the space 19896K,  89% used [0x28010000, 0x2917c918, 0x2917ca00, 0x2937e000)
 compacting perm gen  total 12288K, used 11904K [0x32ac0000, 0x336c0000, 0x36ac0000)
   the space 12288K,  96% used [0x32ac0000, 0x33660348, 0x33660400, 0x336c0000)
    ro space 10240K,  45% used [0x36ac0000, 0x36f47988, 0x36f47a00, 0x374c0000)
    rw space 12288K,  54% used [0x374c0000, 0x37b4b5d8, 0x37b4b600, 0x380c0000)
GC Heap History (10 events):
Event: 28.808 GC heap before
{Heap before GC invocations=56 (full 1):
 def new generation   total 9024K, used 8064K [0x22ac0000, 0x23480000, 0x28010000)
  eden space 8064K, 100% used [0x22ac0000, 0x232a0000, 0x232a0000)
  from space 960K,   0% used [0x232a0000, 0x232a0000, 0x23390000)
  to   space 960K,   0% used [0x23390000, 0x23390000, 0x23480000)
 tenured generation   total 19896K, used 11937K [0x28010000, 0x2937e000, 0x32ac0000)
   the space 19896K,  59% used [0x28010000, 0x28bb8428, 0x28bb8600, 0x2937e000)
 compacting perm gen  total 12288K, used 7500K [0x32ac0000, 0x336c0000, 0x36ac0000)
   the space 12288K,  61% used [0x32ac0000, 0x33213370, 0x33213400, 0x336c0000)
    ro space 10240K,  45% used [0x36ac0000, 0x36f47988, 0x36f47a00, 0x374c0000)
    rw space 12288K,  54% used [0x374c0000, 0x37b4b5d8, 0x37b4b600, 0x380c0000)
Event: 28.825 GC heap after
Heap after GC invocations=57 (full 1):
 def new generation   total 9024K, used 960K [0x22ac0000, 0x23480000, 0x28010000)
  eden space 8064K,   0% used [0x22ac0000, 0x22ac0000, 0x232a0000)
  from space 960K, 100% used [0x23390000, 0x23480000, 0x23480000)
  to   space 960K,   0% used [0x232a0000, 0x232a0000, 0x23390000)
 tenured generation   total 19896K, used 13939K [0x28010000, 0x2937e000, 0x32ac0000)
   the space 19896K,  70% used [0x28010000, 0x28dacc98, 0x28dace00, 0x2937e000)
 compacting perm gen  total 12288K, used 7500K [0x32ac0000, 0x336c0000, 0x36ac0000)
   the space 12288K,  61% used [0x32ac0000, 0x33213370, 0x33213400, 0x336c0000)
    ro space 10240K,  45% used [0x36ac0000, 0x36f47988, 0x36f47a00, 0x374c0000)
    rw space 12288K,  54% used [0x374c0000, 0x37b4b5d8, 0x37b4b600, 0x380c0000)
}
Event: 29.430 GC heap before
{Heap before GC invocations=57 (full 1):
 def new generation   total 9024K, used 8980K [0x22ac0000, 0x23480000, 0x28010000)
  eden space 8064K,  99% used [0x22ac0000, 0x232950c0, 0x232a0000)
  from space 960K, 100% used [0x23390000, 0x23480000, 0x23480000)
  to   space 960K,   0% used [0x232a0000, 0x232a0000, 0x23390000)
 tenured generation   total 19896K, used 13939K [0x28010000, 0x2937e000, 0x32ac0000)
   the space 19896K,  70% used [0x28010000, 0x28dacc98, 0x28dace00, 0x2937e000)
 compacting perm gen  total 12288K, used 8580K [0x32ac0000, 0x336c0000, 0x36ac0000)
   the space 12288K,  69% used [0x32ac0000, 0x33321330, 0x33321400, 0x336c0000)
    ro space 10240K,  45% used [0x36ac0000, 0x36f47988, 0x36f47a00, 0x374c0000)
    rw space 12288K,  54% used [0x374c0000, 0x37b4b5d8, 0x37b4b600, 0x380c0000)
Event: 29.441 GC heap after
Heap after GC invocations=58 (full 1):
 def new generation   total 9024K, used 960K [0x22ac0000, 0x23480000, 0x28010000)
  eden space 8064K,   0% used [0x22ac0000, 0x22ac0000, 0x232a0000)
  from space 960K, 100% used [0x232a0000, 0x23390000, 0x23390000)
  to   space 960K,   0% used [0x23390000, 0x23390000, 0x23480000)
 tenured generation   total 19896K, used 15455K [0x28010000, 0x2937e000, 0x32ac0000)
   the space 19896K,  77% used [0x28010000, 0x28f27e78, 0x28f28000, 0x2937e000)
 compacting perm gen  total 12288K, used 8580K [0x32ac0000, 0x336c0000, 0x36ac0000)
   the space 12288K,  69% used [0x32ac0000, 0x33321330, 0x33321400, 0x336c0000)
    ro space 10240K,  45% used [0x36ac0000, 0x36f47988, 0x36f47a00, 0x374c0000)
    rw space 12288K,  54% used [0x374c0000, 0x37b4b5d8, 0x37b4b600, 0x380c0000)
}
Event: 29.870 GC heap before
{Heap before GC invocations=58 (full 1):
 def new generation   total 9024K, used 9024K [0x22ac0000, 0x23480000, 0x28010000)
  eden space 8064K, 100% used [0x22ac0000, 0x232a0000, 0x232a0000)
  from space 960K, 100% used [0x232a0000, 0x23390000, 0x23390000)
  to   space 960K,   0% used [0x23390000, 0x23390000, 0x23480000)
 tenured generation   total 19896K, used 15455K [0x28010000, 0x2937e000, 0x32ac0000)
   the space 19896K,  77% used [0x28010000, 0x28f27e78, 0x28f28000, 0x2937e000)
 compacting perm gen  total 12288K, used 9962K [0x32ac0000, 0x336c0000, 0x36ac0000)
   the space 12288K,  81% used [0x32ac0000, 0x3347ab30, 0x3347ac00, 0x336c0000)
    ro space 10240K,  45% used [0x36ac0000, 0x36f47988, 0x36f47a00, 0x374c0000)
    rw space 12288K,  54% used [0x374c0000, 0x37b4b5d8, 0x37b4b600, 0x380c0000)
Event: 29.878 GC heap after
Heap after GC invocations=59 (full 1):
 def new generation   total 9024K, used 960K [0x22ac0000, 0x23480000, 0x28010000)
  eden space 8064K,   0% used [0x22ac0000, 0x22ac0000, 0x232a0000)
  from space 960K, 100% used [0x23390000, 0x23480000, 0x23480000)
  to   space 960K,   0% used [0x232a0000, 0x232a0000, 0x23390000)
 tenured generation   total 19896K, used 16660K [0x28010000, 0x2937e000, 0x32ac0000)
   the space 19896K,  83% used [0x28010000, 0x29055028, 0x29055200, 0x2937e000)
 compacting perm gen  total 12288K, used 9962K [0x32ac0000, 0x336c0000, 0x36ac0000)
   the space 12288K,  81% used [0x32ac0000, 0x3347ab30, 0x3347ac00, 0x336c0000)
    ro space 10240K,  45% used [0x36ac0000, 0x36f47988, 0x36f47a00, 0x374c0000)
    rw space 12288K,  54% used [0x374c0000, 0x37b4b5d8, 0x37b4b600, 0x380c0000)
}
Event: 30.492 GC heap before
{Heap before GC invocations=59 (full 1):
 def new generation   total 9024K, used 9024K [0x22ac0000, 0x23480000, 0x28010000)
  eden space 8064K, 100% used [0x22ac0000, 0x232a0000, 0x232a0000)
  from space 960K, 100% used [0x23390000, 0x23480000, 0x23480000)
  to   space 960K,   0% used [0x232a0000, 0x232a0000, 0x23390000)
 tenured generation   total 19896K, used 16660K [0x28010000, 0x2937e000, 0x32ac0000)
   the space 19896K,  83% used [0x28010000, 0x29055028, 0x29055200, 0x2937e000)
 compacting perm gen  total 12288K, used 10758K [0x32ac0000, 0x336c0000, 0x36ac0000)
   the space 12288K,  87% used [0x32ac0000, 0x33541918, 0x33541a00, 0x336c0000)
    ro space 10240K,  45% used [0x36ac0000, 0x36f47988, 0x36f47a00, 0x374c0000)
    rw space 12288K,  54% used [0x374c0000, 0x37b4b5d8, 0x37b4b600, 0x380c0000)
Event: 30.502 GC heap after
Heap after GC invocations=60 (full 1):
 def new generation   total 9024K, used 960K [0x22ac0000, 0x23480000, 0x28010000)
  eden space 8064K,   0% used [0x22ac0000, 0x22ac0000, 0x232a0000)
  from space 960K, 100% used [0x232a0000, 0x23390000, 0x23390000)
  to   space 960K,   0% used [0x23390000, 0x23390000, 0x23480000)
 tenured generation   total 19896K, used 17325K [0x28010000, 0x2937e000, 0x32ac0000)
   the space 19896K,  87% used [0x28010000, 0x290fb590, 0x290fb600, 0x2937e000)
 compacting perm gen  total 12288K, used 10758K [0x32ac0000, 0x336c0000, 0x36ac0000)
   the space 12288K,  87% used [0x32ac0000, 0x33541918, 0x33541a00, 0x336c0000)
    ro space 10240K,  45% used [0x36ac0000, 0x36f47988, 0x36f47a00, 0x374c0000)
    rw space 12288K,  54% used [0x374c0000, 0x37b4b5d8, 0x37b4b600, 0x380c0000)
}
Event: 33.544 GC heap before
{Heap before GC invocations=60 (full 1):
 def new generation   total 9024K, used 9024K [0x22ac0000, 0x23480000, 0x28010000)
  eden space 8064K, 100% used [0x22ac0000, 0x232a0000, 0x232a0000)
  from space 960K, 100% used [0x232a0000, 0x23390000, 0x23390000)
  to   space 960K,   0% used [0x23390000, 0x23390000, 0x23480000)
 tenured generation   total 19896K, used 17325K [0x28010000, 0x2937e000, 0x32ac0000)
   the space 19896K,  87% used [0x28010000, 0x290fb590, 0x290fb600, 0x2937e000)
 compacting perm gen  total 12288K, used 11574K [0x32ac0000, 0x336c0000, 0x36ac0000)
   the space 12288K,  94% used [0x32ac0000, 0x3360db30, 0x3360dc00, 0x336c0000)
    ro space 10240K,  45% used [0x36ac0000, 0x36f47988, 0x36f47a00, 0x374c0000)
    rw space 12288K,  54% used [0x374c0000, 0x37b4b5d8, 0x37b4b600, 0x380c0000)
Event: 33.553 GC heap after
Heap after GC invocations=61 (full 1):
 def new generation   total 9024K, used 434K [0x22ac0000, 0x23480000, 0x28010000)
  eden space 8064K,   0% used [0x22ac0000, 0x22ac0000, 0x232a0000)
  from space 960K,  45% used [0x23390000, 0x233fcb40, 0x23480000)
  to   space 960K,   0% used [0x232a0000, 0x232a0000, 0x23390000)
 tenured generation   total 19896K, used 17842K [0x28010000, 0x2937e000, 0x32ac0000)
   the space 19896K,  89% used [0x28010000, 0x2917c918, 0x2917ca00, 0x2937e000)
 compacting perm gen  total 12288K, used 11574K [0x32ac0000, 0x336c0000, 0x36ac0000)
   the space 12288K,  94% used [0x32ac0000, 0x3360db30, 0x3360dc00, 0x336c0000)
    ro space 10240K,  45% used [0x36ac0000, 0x36f47988, 0x36f47a00, 0x374c0000)
    rw space 12288K,  54% used [0x374c0000, 0x37b4b5d8, 0x37b4b600, 0x380c0000)
}

